[4.433s] Invoking command in '/home/zakaria/ros2_ws/src/examples/rclpy/actions/minimal_action_client': PYTHONPATH=/home/zakaria/ros2_ws/build/examples_rclpy_minimal_action_client/prefix_override:/home/zakaria/ros2_ws/install/examples_rclpy_minimal_action_client/lib/python3.10/site-packages:${PYTHONPATH} /usr/bin/python3 setup.py egg_info --egg-base ../../../../../build/examples_rclpy_minimal_action_client build --build-base /home/zakaria/ros2_ws/build/examples_rclpy_minimal_action_client/build install --record /home/zakaria/ros2_ws/build/examples_rclpy_minimal_action_client/install.log --single-version-externally-managed
[5.110s] running egg_info
[5.111s] writing ../../../../../build/examples_rclpy_minimal_action_client/examples_rclpy_minimal_action_client.egg-info/PKG-INFO
[5.112s] writing dependency_links to ../../../../../build/examples_rclpy_minimal_action_client/examples_rclpy_minimal_action_client.egg-info/dependency_links.txt
[5.112s] writing entry points to ../../../../../build/examples_rclpy_minimal_action_client/examples_rclpy_minimal_action_client.egg-info/entry_points.txt
[5.113s] writing requirements to ../../../../../build/examples_rclpy_minimal_action_client/examples_rclpy_minimal_action_client.egg-info/requires.txt
[5.113s] writing top-level names to ../../../../../build/examples_rclpy_minimal_action_client/examples_rclpy_minimal_action_client.egg-info/top_level.txt
[5.117s] reading manifest file '../../../../../build/examples_rclpy_minimal_action_client/examples_rclpy_minimal_action_client.egg-info/SOURCES.txt'
[5.120s] writing manifest file '../../../../../build/examples_rclpy_minimal_action_client/examples_rclpy_minimal_action_client.egg-info/SOURCES.txt'
[5.120s] running build
[5.121s] running build_py
[5.122s] running install
[5.123s] running install_lib
[5.125s] running install_data
[5.126s] running install_egg_info
[5.130s] removing '/home/zakaria/ros2_ws/install/examples_rclpy_minimal_action_client/lib/python3.10/site-packages/examples_rclpy_minimal_action_client-0.15.1-py3.10.egg-info' (and everything under it)
[5.139s] Copying ../../../../../build/examples_rclpy_minimal_action_client/examples_rclpy_minimal_action_client.egg-info to /home/zakaria/ros2_ws/install/examples_rclpy_minimal_action_client/lib/python3.10/site-packages/examples_rclpy_minimal_action_client-0.15.1-py3.10.egg-info
[5.149s] running install_scripts
[5.193s] Installing client script to /home/zakaria/ros2_ws/install/examples_rclpy_minimal_action_client/lib/examples_rclpy_minimal_action_client
[5.193s] Installing client_asyncio script to /home/zakaria/ros2_ws/install/examples_rclpy_minimal_action_client/lib/examples_rclpy_minimal_action_client
[5.193s] Installing client_cancel script to /home/zakaria/ros2_ws/install/examples_rclpy_minimal_action_client/lib/examples_rclpy_minimal_action_client
[5.194s] Installing client_not_composable script to /home/zakaria/ros2_ws/install/examples_rclpy_minimal_action_client/lib/examples_rclpy_minimal_action_client
[5.195s] writing list of installed files to '/home/zakaria/ros2_ws/build/examples_rclpy_minimal_action_client/install.log'
[5.260s] Invoked command in '/home/zakaria/ros2_ws/src/examples/rclpy/actions/minimal_action_client' returned '0': PYTHONPATH=/home/zakaria/ros2_ws/build/examples_rclpy_minimal_action_client/prefix_override:/home/zakaria/ros2_ws/install/examples_rclpy_minimal_action_client/lib/python3.10/site-packages:${PYTHONPATH} /usr/bin/python3 setup.py egg_info --egg-base ../../../../../build/examples_rclpy_minimal_action_client build --build-base /home/zakaria/ros2_ws/build/examples_rclpy_minimal_action_client/build install --record /home/zakaria/ros2_ws/build/examples_rclpy_minimal_action_client/install.log --single-version-externally-managed
