[13.381s] Invoking command in '/home/zakaria/ros2_ws/src/examples/rclpy/actions/minimal_action_client': PYTHONPATH=/home/zakaria/ros2_ws/build/examples_rclpy_minimal_action_client/prefix_override:/home/zakaria/ros2_ws/install/examples_rclpy_minimal_action_client/lib/python3.10/site-packages:${PYTHONPATH} /usr/bin/python3 setup.py egg_info --egg-base ../../../../../build/examples_rclpy_minimal_action_client build --build-base /home/zakaria/ros2_ws/build/examples_rclpy_minimal_action_client/build install --record /home/zakaria/ros2_ws/build/examples_rclpy_minimal_action_client/install.log --single-version-externally-managed
[15.928s] running egg_info
[15.935s] writing ../../../../../build/examples_rclpy_minimal_action_client/examples_rclpy_minimal_action_client.egg-info/PKG-INFO
[15.937s] writing dependency_links to ../../../../../build/examples_rclpy_minimal_action_client/examples_rclpy_minimal_action_client.egg-info/dependency_links.txt
[15.939s] writing entry points to ../../../../../build/examples_rclpy_minimal_action_client/examples_rclpy_minimal_action_client.egg-info/entry_points.txt
[15.939s] writing requirements to ../../../../../build/examples_rclpy_minimal_action_client/examples_rclpy_minimal_action_client.egg-info/requires.txt
[15.939s] writing top-level names to ../../../../../build/examples_rclpy_minimal_action_client/examples_rclpy_minimal_action_client.egg-info/top_level.txt
[15.965s] reading manifest file '../../../../../build/examples_rclpy_minimal_action_client/examples_rclpy_minimal_action_client.egg-info/SOURCES.txt'
[16.009s] writing manifest file '../../../../../build/examples_rclpy_minimal_action_client/examples_rclpy_minimal_action_client.egg-info/SOURCES.txt'
[16.009s] running build
[16.009s] running build_py
[16.010s] running install
[16.010s] running install_lib
[16.010s] running install_data
[16.010s] running install_egg_info
[16.011s] removing '/home/zakaria/ros2_ws/install/examples_rclpy_minimal_action_client/lib/python3.10/site-packages/examples_rclpy_minimal_action_client-0.15.1-py3.10.egg-info' (and everything under it)
[16.034s] Copying ../../../../../build/examples_rclpy_minimal_action_client/examples_rclpy_minimal_action_client.egg-info to /home/zakaria/ros2_ws/install/examples_rclpy_minimal_action_client/lib/python3.10/site-packages/examples_rclpy_minimal_action_client-0.15.1-py3.10.egg-info
[16.062s] running install_scripts
[16.150s] Installing client script to /home/zakaria/ros2_ws/install/examples_rclpy_minimal_action_client/lib/examples_rclpy_minimal_action_client
[16.150s] Installing client_asyncio script to /home/zakaria/ros2_ws/install/examples_rclpy_minimal_action_client/lib/examples_rclpy_minimal_action_client
[16.150s] Installing client_cancel script to /home/zakaria/ros2_ws/install/examples_rclpy_minimal_action_client/lib/examples_rclpy_minimal_action_client
[16.151s] Installing client_not_composable script to /home/zakaria/ros2_ws/install/examples_rclpy_minimal_action_client/lib/examples_rclpy_minimal_action_client
[16.151s] writing list of installed files to '/home/zakaria/ros2_ws/build/examples_rclpy_minimal_action_client/install.log'
[16.405s] Invoked command in '/home/zakaria/ros2_ws/src/examples/rclpy/actions/minimal_action_client' returned '0': PYTHONPATH=/home/zakaria/ros2_ws/build/examples_rclpy_minimal_action_client/prefix_override:/home/zakaria/ros2_ws/install/examples_rclpy_minimal_action_client/lib/python3.10/site-packages:${PYTHONPATH} /usr/bin/python3 setup.py egg_info --egg-base ../../../../../build/examples_rclpy_minimal_action_client build --build-base /home/zakaria/ros2_ws/build/examples_rclpy_minimal_action_client/build install --record /home/zakaria/ros2_ws/build/examples_rclpy_minimal_action_client/install.log --single-version-externally-managed
