[3.819s] Invoking command in '/home/zakaria/ros2_ws/build/examples_rclpy_minimal_action_server': PYTHONPATH=/home/zakaria/ros2_ws/build/examples_rclpy_minimal_action_server/prefix_override:/home/zakaria/ros2_ws/install/examples_rclpy_minimal_action_server/lib/python3.10/site-packages:${PYTHONPATH} /usr/bin/python3 setup.py develop --editable --build-directory /home/zakaria/ros2_ws/build/examples_rclpy_minimal_action_server/build --no-deps install_data
[4.323s] running develop
[4.641s] running egg_info
[4.642s] creating examples_rclpy_minimal_action_server.egg-info
[4.642s] writing examples_rclpy_minimal_action_server.egg-info/PKG-INFO
[4.643s] writing dependency_links to examples_rclpy_minimal_action_server.egg-info/dependency_links.txt
[4.643s] writing entry points to examples_rclpy_minimal_action_server.egg-info/entry_points.txt
[4.643s] writing requirements to examples_rclpy_minimal_action_server.egg-info/requires.txt
[4.643s] writing top-level names to examples_rclpy_minimal_action_server.egg-info/top_level.txt
[4.643s] writing manifest file 'examples_rclpy_minimal_action_server.egg-info/SOURCES.txt'
[4.646s] reading manifest file 'examples_rclpy_minimal_action_server.egg-info/SOURCES.txt'
[4.647s] writing manifest file 'examples_rclpy_minimal_action_server.egg-info/SOURCES.txt'
[4.649s] running build_ext
[4.650s] Creating /home/zakaria/ros2_ws/install/examples_rclpy_minimal_action_server/lib/python3.10/site-packages/examples-rclpy-minimal-action-server.egg-link (link to .)
[4.651s] Installing server script to /home/zakaria/ros2_ws/install/examples_rclpy_minimal_action_server/lib/examples_rclpy_minimal_action_server
[4.651s] Installing server_defer script to /home/zakaria/ros2_ws/install/examples_rclpy_minimal_action_server/lib/examples_rclpy_minimal_action_server
[4.651s] Installing server_not_composable script to /home/zakaria/ros2_ws/install/examples_rclpy_minimal_action_server/lib/examples_rclpy_minimal_action_server
[4.651s] Installing server_queue_goals script to /home/zakaria/ros2_ws/install/examples_rclpy_minimal_action_server/lib/examples_rclpy_minimal_action_server
[4.651s] Installing server_single_goal script to /home/zakaria/ros2_ws/install/examples_rclpy_minimal_action_server/lib/examples_rclpy_minimal_action_server
[4.652s] 
[4.652s] Installed /home/zakaria/ros2_ws/build/examples_rclpy_minimal_action_server
[4.652s] running install_data
[4.652s] creating /home/zakaria/ros2_ws/install/examples_rclpy_minimal_action_server/share/ament_index
[4.652s] creating /home/zakaria/ros2_ws/install/examples_rclpy_minimal_action_server/share/ament_index/resource_index
[4.652s] creating /home/zakaria/ros2_ws/install/examples_rclpy_minimal_action_server/share/ament_index/resource_index/packages
[4.652s] copying resource/examples_rclpy_minimal_action_server -> /home/zakaria/ros2_ws/install/examples_rclpy_minimal_action_server/share/ament_index/resource_index/packages
[4.652s] copying package.xml -> /home/zakaria/ros2_ws/install/examples_rclpy_minimal_action_server/share/examples_rclpy_minimal_action_server
[5.052s] Invoked command in '/home/zakaria/ros2_ws/build/examples_rclpy_minimal_action_server' returned '0': PYTHONPATH=/home/zakaria/ros2_ws/build/examples_rclpy_minimal_action_server/prefix_override:/home/zakaria/ros2_ws/install/examples_rclpy_minimal_action_server/lib/python3.10/site-packages:${PYTHONPATH} /usr/bin/python3 setup.py develop --editable --build-directory /home/zakaria/ros2_ws/build/examples_rclpy_minimal_action_server/build --no-deps install_data
