[4.282s] Invoking command in '/home/zakaria/ros2_ws/src/examples/rclpy/topics/pointcloud_publisher': PYTHONPATH=/home/zakaria/ros2_ws/build/examples_rclpy_pointcloud_publisher/prefix_override:/home/zakaria/ros2_ws/install/examples_rclpy_pointcloud_publisher/lib/python3.10/site-packages:${PYTHONPATH} /usr/bin/python3 setup.py egg_info --egg-base ../../../../../build/examples_rclpy_pointcloud_publisher build --build-base /home/zakaria/ros2_ws/build/examples_rclpy_pointcloud_publisher/build install --record /home/zakaria/ros2_ws/build/examples_rclpy_pointcloud_publisher/install.log --single-version-externally-managed
[4.863s] running egg_info
[4.863s] writing ../../../../../build/examples_rclpy_pointcloud_publisher/examples_rclpy_pointcloud_publisher.egg-info/PKG-INFO
[4.864s] writing dependency_links to ../../../../../build/examples_rclpy_pointcloud_publisher/examples_rclpy_pointcloud_publisher.egg-info/dependency_links.txt
[4.864s] writing entry points to ../../../../../build/examples_rclpy_pointcloud_publisher/examples_rclpy_pointcloud_publisher.egg-info/entry_points.txt
[4.865s] writing requirements to ../../../../../build/examples_rclpy_pointcloud_publisher/examples_rclpy_pointcloud_publisher.egg-info/requires.txt
[4.865s] writing top-level names to ../../../../../build/examples_rclpy_pointcloud_publisher/examples_rclpy_pointcloud_publisher.egg-info/top_level.txt
[4.868s] reading manifest file '../../../../../build/examples_rclpy_pointcloud_publisher/examples_rclpy_pointcloud_publisher.egg-info/SOURCES.txt'
[4.869s] writing manifest file '../../../../../build/examples_rclpy_pointcloud_publisher/examples_rclpy_pointcloud_publisher.egg-info/SOURCES.txt'
[4.869s] running build
[4.870s] running build_py
[4.870s] running install
[4.870s] running install_lib
[4.871s] running install_data
[4.872s] running install_egg_info
[4.874s] removing '/home/zakaria/ros2_ws/install/examples_rclpy_pointcloud_publisher/lib/python3.10/site-packages/examples_rclpy_pointcloud_publisher-0.15.1-py3.10.egg-info' (and everything under it)
[4.874s] Copying ../../../../../build/examples_rclpy_pointcloud_publisher/examples_rclpy_pointcloud_publisher.egg-info to /home/zakaria/ros2_ws/install/examples_rclpy_pointcloud_publisher/lib/python3.10/site-packages/examples_rclpy_pointcloud_publisher-0.15.1-py3.10.egg-info
[4.875s] running install_scripts
[4.896s] Installing pointcloud_publisher script to /home/zakaria/ros2_ws/install/examples_rclpy_pointcloud_publisher/lib/examples_rclpy_pointcloud_publisher
[4.896s] writing list of installed files to '/home/zakaria/ros2_ws/build/examples_rclpy_pointcloud_publisher/install.log'
[5.092s] Invoked command in '/home/zakaria/ros2_ws/src/examples/rclpy/topics/pointcloud_publisher' returned '0': PYTHONPATH=/home/zakaria/ros2_ws/build/examples_rclpy_pointcloud_publisher/prefix_override:/home/zakaria/ros2_ws/install/examples_rclpy_pointcloud_publisher/lib/python3.10/site-packages:${PYTHONPATH} /usr/bin/python3 setup.py egg_info --egg-base ../../../../../build/examples_rclpy_pointcloud_publisher build --build-base /home/zakaria/ros2_ws/build/examples_rclpy_pointcloud_publisher/build install --record /home/zakaria/ros2_ws/build/examples_rclpy_pointcloud_publisher/install.log --single-version-externally-managed
