[2.871s] Invoking command in '/home/zakaria/ros2_ws/src/subpub_pkg': PYTHONPATH=/home/zakaria/ros2_ws/build/subpub_pkg/prefix_override:/home/zakaria/ros2_ws/install/subpub_pkg/lib/python3.10/site-packages:${PYTHONPATH} /usr/bin/python3 setup.py egg_info --egg-base ../../build/subpub_pkg build --build-base /home/zakaria/ros2_ws/build/subpub_pkg/build install --record /home/zakaria/ros2_ws/build/subpub_pkg/install.log --single-version-externally-managed
[3.295s] running egg_info
[3.296s] writing ../../build/subpub_pkg/subpub_pkg.egg-info/PKG-INFO
[3.296s] writing dependency_links to ../../build/subpub_pkg/subpub_pkg.egg-info/dependency_links.txt
[3.296s] writing entry points to ../../build/subpub_pkg/subpub_pkg.egg-info/entry_points.txt
[3.296s] writing requirements to ../../build/subpub_pkg/subpub_pkg.egg-info/requires.txt
[3.297s] writing top-level names to ../../build/subpub_pkg/subpub_pkg.egg-info/top_level.txt
[3.298s] reading manifest file '../../build/subpub_pkg/subpub_pkg.egg-info/SOURCES.txt'
[3.299s] writing manifest file '../../build/subpub_pkg/subpub_pkg.egg-info/SOURCES.txt'
[3.299s] running build
[3.300s] running build_py
[3.300s] running install
[3.300s] running install_lib
[3.302s] running install_data
[3.303s] copying launch/subpub_pkg_launch_file.launch.py -> /home/zakaria/ros2_ws/install/subpub_pkg/share/subpub_pkg
[3.304s] running install_egg_info
[3.305s] removing '/home/zakaria/ros2_ws/install/subpub_pkg/lib/python3.10/site-packages/subpub_pkg-0.0.0-py3.10.egg-info' (and everything under it)
[3.305s] Copying ../../build/subpub_pkg/subpub_pkg.egg-info to /home/zakaria/ros2_ws/install/subpub_pkg/lib/python3.10/site-packages/subpub_pkg-0.0.0-py3.10.egg-info
[3.307s] running install_scripts
[3.327s] Installing subpub script to /home/zakaria/ros2_ws/install/subpub_pkg/lib/subpub_pkg
[3.328s] writing list of installed files to '/home/zakaria/ros2_ws/build/subpub_pkg/install.log'
[3.504s] Invoked command in '/home/zakaria/ros2_ws/src/subpub_pkg' returned '0': PYTHONPATH=/home/zakaria/ros2_ws/build/subpub_pkg/prefix_override:/home/zakaria/ros2_ws/install/subpub_pkg/lib/python3.10/site-packages:${PYTHONPATH} /usr/bin/python3 setup.py egg_info --egg-base ../../build/subpub_pkg build --build-base /home/zakaria/ros2_ws/build/subpub_pkg/build install --record /home/zakaria/ros2_ws/build/subpub_pkg/install.log --single-version-externally-managed
