[3.352s] Invoking command in '/home/zakaria/ros2_ws/src/subpub_pkg': PYTHONPATH=/home/zakaria/ros2_ws/build/subpub_pkg/prefix_override:/home/zakaria/ros2_ws/install/subpub_pkg/lib/python3.10/site-packages:${PYTHONPATH} /usr/bin/python3 setup.py egg_info --egg-base ../../build/subpub_pkg build --build-base /home/zakaria/ros2_ws/build/subpub_pkg/build install --record /home/zakaria/ros2_ws/build/subpub_pkg/install.log --single-version-externally-managed
[3.940s] running egg_info
[3.940s] writing ../../build/subpub_pkg/subpub_pkg.egg-info/PKG-INFO
[3.940s] writing dependency_links to ../../build/subpub_pkg/subpub_pkg.egg-info/dependency_links.txt
[3.941s] writing entry points to ../../build/subpub_pkg/subpub_pkg.egg-info/entry_points.txt
[3.941s] writing requirements to ../../build/subpub_pkg/subpub_pkg.egg-info/requires.txt
[3.941s] writing top-level names to ../../build/subpub_pkg/subpub_pkg.egg-info/top_level.txt
[3.943s] reading manifest file '../../build/subpub_pkg/subpub_pkg.egg-info/SOURCES.txt'
[3.944s] writing manifest file '../../build/subpub_pkg/subpub_pkg.egg-info/SOURCES.txt'
[3.944s] running build
[3.944s] running build_py
[3.944s] running install
[3.945s] running install_lib
[3.946s] running install_data
[3.947s] running install_egg_info
[3.949s] removing '/home/zakaria/ros2_ws/install/subpub_pkg/lib/python3.10/site-packages/subpub_pkg-0.0.0-py3.10.egg-info' (and everything under it)
[3.949s] Copying ../../build/subpub_pkg/subpub_pkg.egg-info to /home/zakaria/ros2_ws/install/subpub_pkg/lib/python3.10/site-packages/subpub_pkg-0.0.0-py3.10.egg-info
[3.950s] running install_scripts
[3.978s] Installing subpub script to /home/zakaria/ros2_ws/install/subpub_pkg/lib/subpub_pkg
[3.978s] writing list of installed files to '/home/zakaria/ros2_ws/build/subpub_pkg/install.log'
[4.040s] Invoked command in '/home/zakaria/ros2_ws/src/subpub_pkg' returned '0': PYTHONPATH=/home/zakaria/ros2_ws/build/subpub_pkg/prefix_override:/home/zakaria/ros2_ws/install/subpub_pkg/lib/python3.10/site-packages:${PYTHONPATH} /usr/bin/python3 setup.py egg_info --egg-base ../../build/subpub_pkg build --build-base /home/zakaria/ros2_ws/build/subpub_pkg/build install --record /home/zakaria/ros2_ws/build/subpub_pkg/install.log --single-version-externally-managed
