[0.866s] Invoking command in '/home/zakaria/ros2_ws/src/publisher_pkg': PYTHONPATH=/home/zakaria/ros2_ws/build/publisher_pkg/prefix_override:/home/zakaria/ros2_ws/install/publisher_pkg/lib/python3.10/site-packages:${PYTHONPATH} /usr/bin/python3 setup.py egg_info --egg-base ../../build/publisher_pkg build --build-base /home/zakaria/ros2_ws/build/publisher_pkg/build install --record /home/zakaria/ros2_ws/build/publisher_pkg/install.log --single-version-externally-managed
[1.180s] running egg_info
[1.180s] creating ../../build/publisher_pkg/publisher_pkg.egg-info
[1.180s] writing ../../build/publisher_pkg/publisher_pkg.egg-info/PKG-INFO
[1.180s] writing dependency_links to ../../build/publisher_pkg/publisher_pkg.egg-info/dependency_links.txt
[1.181s] writing entry points to ../../build/publisher_pkg/publisher_pkg.egg-info/entry_points.txt
[1.181s] writing requirements to ../../build/publisher_pkg/publisher_pkg.egg-info/requires.txt
[1.181s] writing top-level names to ../../build/publisher_pkg/publisher_pkg.egg-info/top_level.txt
[1.181s] writing manifest file '../../build/publisher_pkg/publisher_pkg.egg-info/SOURCES.txt'
[1.183s] reading manifest file '../../build/publisher_pkg/publisher_pkg.egg-info/SOURCES.txt'
[1.184s] writing manifest file '../../build/publisher_pkg/publisher_pkg.egg-info/SOURCES.txt'
[1.184s] running build
[1.184s] running build_py
[1.184s] creating /home/zakaria/ros2_ws/build/publisher_pkg/build
[1.184s] creating /home/zakaria/ros2_ws/build/publisher_pkg/build/lib
[1.184s] creating /home/zakaria/ros2_ws/build/publisher_pkg/build/lib/publisher_pkg
[1.184s] copying publisher_pkg/__init__.py -> /home/zakaria/ros2_ws/build/publisher_pkg/build/lib/publisher_pkg
[1.184s] copying publisher_pkg/simple_publisher.py -> /home/zakaria/ros2_ws/build/publisher_pkg/build/lib/publisher_pkg
[1.184s] running install
[1.185s] running install_lib
[1.186s] creating /home/zakaria/ros2_ws/install/publisher_pkg/lib/python3.10/site-packages/publisher_pkg
[1.186s] copying /home/zakaria/ros2_ws/build/publisher_pkg/build/lib/publisher_pkg/__init__.py -> /home/zakaria/ros2_ws/install/publisher_pkg/lib/python3.10/site-packages/publisher_pkg
[1.186s] copying /home/zakaria/ros2_ws/build/publisher_pkg/build/lib/publisher_pkg/simple_publisher.py -> /home/zakaria/ros2_ws/install/publisher_pkg/lib/python3.10/site-packages/publisher_pkg
[1.186s] byte-compiling /home/zakaria/ros2_ws/install/publisher_pkg/lib/python3.10/site-packages/publisher_pkg/__init__.py to __init__.cpython-310.pyc
[1.187s] byte-compiling /home/zakaria/ros2_ws/install/publisher_pkg/lib/python3.10/site-packages/publisher_pkg/simple_publisher.py to simple_publisher.cpython-310.pyc
[1.187s] running install_data
[1.187s] creating /home/zakaria/ros2_ws/install/publisher_pkg/share/ament_index
[1.187s] creating /home/zakaria/ros2_ws/install/publisher_pkg/share/ament_index/resource_index
[1.188s] creating /home/zakaria/ros2_ws/install/publisher_pkg/share/ament_index/resource_index/packages
[1.188s] copying resource/publisher_pkg -> /home/zakaria/ros2_ws/install/publisher_pkg/share/ament_index/resource_index/packages
[1.188s] copying package.xml -> /home/zakaria/ros2_ws/install/publisher_pkg/share/publisher_pkg
[1.188s] copying launch/publisher_pkg_launch_file.launch.py -> /home/zakaria/ros2_ws/install/publisher_pkg/share/publisher_pkg
[1.188s] running install_egg_info
[1.189s] Copying ../../build/publisher_pkg/publisher_pkg.egg-info to /home/zakaria/ros2_ws/install/publisher_pkg/lib/python3.10/site-packages/publisher_pkg-0.0.0-py3.10.egg-info
[1.190s] running install_scripts
[1.212s] Installing simple_publisher script to /home/zakaria/ros2_ws/install/publisher_pkg/lib/publisher_pkg
[1.212s] writing list of installed files to '/home/zakaria/ros2_ws/build/publisher_pkg/install.log'
[1.237s] Invoked command in '/home/zakaria/ros2_ws/src/publisher_pkg' returned '0': PYTHONPATH=/home/zakaria/ros2_ws/build/publisher_pkg/prefix_override:/home/zakaria/ros2_ws/install/publisher_pkg/lib/python3.10/site-packages:${PYTHONPATH} /usr/bin/python3 setup.py egg_info --egg-base ../../build/publisher_pkg build --build-base /home/zakaria/ros2_ws/build/publisher_pkg/build install --record /home/zakaria/ros2_ws/build/publisher_pkg/install.log --single-version-externally-managed
