[3.735s] Invoking command in '/home/zakaria/ros2_ws/build/examples_rclpy_minimal_publisher': PYTHONPATH=/home/zakaria/ros2_ws/build/examples_rclpy_minimal_publisher/prefix_override:/home/zakaria/ros2_ws/install/examples_rclpy_minimal_publisher/lib/python3.10/site-packages:${PYTHONPATH} /usr/bin/python3 setup.py develop --uninstall --editable --build-directory /home/zakaria/ros2_ws/build/examples_rclpy_minimal_publisher/build
[4.263s] running develop
[4.618s] Removing /home/zakaria/ros2_ws/install/examples_rclpy_minimal_publisher/lib/python3.10/site-packages/examples-rclpy-minimal-publisher.egg-link (link to .)
[4.669s] Invoked command in '/home/zakaria/ros2_ws/build/examples_rclpy_minimal_publisher' returned '0': PYTHONPATH=/home/zakaria/ros2_ws/build/examples_rclpy_minimal_publisher/prefix_override:/home/zakaria/ros2_ws/install/examples_rclpy_minimal_publisher/lib/python3.10/site-packages:${PYTHONPATH} /usr/bin/python3 setup.py develop --uninstall --editable --build-directory /home/zakaria/ros2_ws/build/examples_rclpy_minimal_publisher/build
[4.690s] Invoking command in '/home/zakaria/ros2_ws/src/examples/rclpy/topics/minimal_publisher': PYTHONPATH=/home/zakaria/ros2_ws/build/examples_rclpy_minimal_publisher/prefix_override:/home/zakaria/ros2_ws/install/examples_rclpy_minimal_publisher/lib/python3.10/site-packages:${PYTHONPATH} /usr/bin/python3 setup.py egg_info --egg-base ../../../../../build/examples_rclpy_minimal_publisher build --build-base /home/zakaria/ros2_ws/build/examples_rclpy_minimal_publisher/build install --record /home/zakaria/ros2_ws/build/examples_rclpy_minimal_publisher/install.log --single-version-externally-managed
[5.266s] running egg_info
[5.267s] writing ../../../../../build/examples_rclpy_minimal_publisher/examples_rclpy_minimal_publisher.egg-info/PKG-INFO
[5.267s] writing dependency_links to ../../../../../build/examples_rclpy_minimal_publisher/examples_rclpy_minimal_publisher.egg-info/dependency_links.txt
[5.267s] writing entry points to ../../../../../build/examples_rclpy_minimal_publisher/examples_rclpy_minimal_publisher.egg-info/entry_points.txt
[5.268s] writing requirements to ../../../../../build/examples_rclpy_minimal_publisher/examples_rclpy_minimal_publisher.egg-info/requires.txt
[5.268s] writing top-level names to ../../../../../build/examples_rclpy_minimal_publisher/examples_rclpy_minimal_publisher.egg-info/top_level.txt
[5.270s] reading manifest file '../../../../../build/examples_rclpy_minimal_publisher/examples_rclpy_minimal_publisher.egg-info/SOURCES.txt'
[5.272s] writing manifest file '../../../../../build/examples_rclpy_minimal_publisher/examples_rclpy_minimal_publisher.egg-info/SOURCES.txt'
[5.272s] running build
[5.272s] running build_py
[5.273s] creating /home/zakaria/ros2_ws/build/examples_rclpy_minimal_publisher/build
[5.273s] creating /home/zakaria/ros2_ws/build/examples_rclpy_minimal_publisher/build/lib
[5.273s] creating /home/zakaria/ros2_ws/build/examples_rclpy_minimal_publisher/build/lib/examples_rclpy_minimal_publisher
[5.273s] copying examples_rclpy_minimal_publisher/publisher_local_function.py -> /home/zakaria/ros2_ws/build/examples_rclpy_minimal_publisher/build/lib/examples_rclpy_minimal_publisher
[5.273s] copying examples_rclpy_minimal_publisher/publisher_member_function.py -> /home/zakaria/ros2_ws/build/examples_rclpy_minimal_publisher/build/lib/examples_rclpy_minimal_publisher
[5.273s] copying examples_rclpy_minimal_publisher/__init__.py -> /home/zakaria/ros2_ws/build/examples_rclpy_minimal_publisher/build/lib/examples_rclpy_minimal_publisher
[5.273s] copying examples_rclpy_minimal_publisher/publisher_old_school.py -> /home/zakaria/ros2_ws/build/examples_rclpy_minimal_publisher/build/lib/examples_rclpy_minimal_publisher
[5.274s] running install
[5.274s] running install_lib
[5.275s] creating /home/zakaria/ros2_ws/install/examples_rclpy_minimal_publisher/lib/python3.10/site-packages/examples_rclpy_minimal_publisher
[5.275s] copying /home/zakaria/ros2_ws/build/examples_rclpy_minimal_publisher/build/lib/examples_rclpy_minimal_publisher/publisher_local_function.py -> /home/zakaria/ros2_ws/install/examples_rclpy_minimal_publisher/lib/python3.10/site-packages/examples_rclpy_minimal_publisher
[5.275s] copying /home/zakaria/ros2_ws/build/examples_rclpy_minimal_publisher/build/lib/examples_rclpy_minimal_publisher/publisher_member_function.py -> /home/zakaria/ros2_ws/install/examples_rclpy_minimal_publisher/lib/python3.10/site-packages/examples_rclpy_minimal_publisher
[5.276s] copying /home/zakaria/ros2_ws/build/examples_rclpy_minimal_publisher/build/lib/examples_rclpy_minimal_publisher/__init__.py -> /home/zakaria/ros2_ws/install/examples_rclpy_minimal_publisher/lib/python3.10/site-packages/examples_rclpy_minimal_publisher
[5.276s] copying /home/zakaria/ros2_ws/build/examples_rclpy_minimal_publisher/build/lib/examples_rclpy_minimal_publisher/publisher_old_school.py -> /home/zakaria/ros2_ws/install/examples_rclpy_minimal_publisher/lib/python3.10/site-packages/examples_rclpy_minimal_publisher
[5.276s] byte-compiling /home/zakaria/ros2_ws/install/examples_rclpy_minimal_publisher/lib/python3.10/site-packages/examples_rclpy_minimal_publisher/publisher_local_function.py to publisher_local_function.cpython-310.pyc
[5.285s] byte-compiling /home/zakaria/ros2_ws/install/examples_rclpy_minimal_publisher/lib/python3.10/site-packages/examples_rclpy_minimal_publisher/publisher_member_function.py to publisher_member_function.cpython-310.pyc
[5.285s] byte-compiling /home/zakaria/ros2_ws/install/examples_rclpy_minimal_publisher/lib/python3.10/site-packages/examples_rclpy_minimal_publisher/__init__.py to __init__.cpython-310.pyc
[5.286s] byte-compiling /home/zakaria/ros2_ws/install/examples_rclpy_minimal_publisher/lib/python3.10/site-packages/examples_rclpy_minimal_publisher/publisher_old_school.py to publisher_old_school.cpython-310.pyc
[5.288s] running install_data
[5.289s] running install_egg_info
[5.289s] Copying ../../../../../build/examples_rclpy_minimal_publisher/examples_rclpy_minimal_publisher.egg-info to /home/zakaria/ros2_ws/install/examples_rclpy_minimal_publisher/lib/python3.10/site-packages/examples_rclpy_minimal_publisher-0.15.1-py3.10.egg-info
[5.290s] running install_scripts
[5.315s] Installing publisher_local_function script to /home/zakaria/ros2_ws/install/examples_rclpy_minimal_publisher/lib/examples_rclpy_minimal_publisher
[5.315s] Installing publisher_member_function script to /home/zakaria/ros2_ws/install/examples_rclpy_minimal_publisher/lib/examples_rclpy_minimal_publisher
[5.315s] Installing publisher_old_school script to /home/zakaria/ros2_ws/install/examples_rclpy_minimal_publisher/lib/examples_rclpy_minimal_publisher
[5.316s] writing list of installed files to '/home/zakaria/ros2_ws/build/examples_rclpy_minimal_publisher/install.log'
[5.593s] Invoked command in '/home/zakaria/ros2_ws/src/examples/rclpy/topics/minimal_publisher' returned '0': PYTHONPATH=/home/zakaria/ros2_ws/build/examples_rclpy_minimal_publisher/prefix_override:/home/zakaria/ros2_ws/install/examples_rclpy_minimal_publisher/lib/python3.10/site-packages:${PYTHONPATH} /usr/bin/python3 setup.py egg_info --egg-base ../../../../../build/examples_rclpy_minimal_publisher build --build-base /home/zakaria/ros2_ws/build/examples_rclpy_minimal_publisher/build install --record /home/zakaria/ros2_ws/build/examples_rclpy_minimal_publisher/install.log --single-version-externally-managed
