[11.094s] Invoking command in '/home/zakaria/ros2_ws/src/subpub_pkg': PYTHONPATH=/home/zakaria/ros2_ws/build/subpub_pkg/prefix_override:/home/zakaria/ros2_ws/install/subpub_pkg/lib/python3.10/site-packages:${PYTHONPATH} /usr/bin/python3 setup.py egg_info --egg-base ../../build/subpub_pkg build --build-base /home/zakaria/ros2_ws/build/subpub_pkg/build install --record /home/zakaria/ros2_ws/build/subpub_pkg/install.log --single-version-externally-managed
[12.355s] running egg_info
[12.365s] writing ../../build/subpub_pkg/subpub_pkg.egg-info/PKG-INFO
[12.368s] writing dependency_links to ../../build/subpub_pkg/subpub_pkg.egg-info/dependency_links.txt
[12.380s] writing entry points to ../../build/subpub_pkg/subpub_pkg.egg-info/entry_points.txt
[12.382s] writing requirements to ../../build/subpub_pkg/subpub_pkg.egg-info/requires.txt
[12.383s] writing top-level names to ../../build/subpub_pkg/subpub_pkg.egg-info/top_level.txt
[12.395s] reading manifest file '../../build/subpub_pkg/subpub_pkg.egg-info/SOURCES.txt'
[12.409s] writing manifest file '../../build/subpub_pkg/subpub_pkg.egg-info/SOURCES.txt'
[12.410s] running build
[12.410s] running build_py
[12.410s] copying subpub_pkg/subpub.py -> /home/zakaria/ros2_ws/build/subpub_pkg/build/lib/subpub_pkg
[12.411s] running install
[12.411s] running install_lib
[12.415s] copying /home/zakaria/ros2_ws/build/subpub_pkg/build/lib/subpub_pkg/subpub.py -> /home/zakaria/ros2_ws/install/subpub_pkg/lib/python3.10/site-packages/subpub_pkg
[12.418s] byte-compiling /home/zakaria/ros2_ws/install/subpub_pkg/lib/python3.10/site-packages/subpub_pkg/subpub.py to subpub.cpython-310.pyc
[12.422s] running install_data
[12.439s] running install_egg_info
[12.450s] removing '/home/zakaria/ros2_ws/install/subpub_pkg/lib/python3.10/site-packages/subpub_pkg-0.0.0-py3.10.egg-info' (and everything under it)
[12.451s] Copying ../../build/subpub_pkg/subpub_pkg.egg-info to /home/zakaria/ros2_ws/install/subpub_pkg/lib/python3.10/site-packages/subpub_pkg-0.0.0-py3.10.egg-info
[12.452s] running install_scripts
[12.535s] Installing subpub script to /home/zakaria/ros2_ws/install/subpub_pkg/lib/subpub_pkg
[12.536s] writing list of installed files to '/home/zakaria/ros2_ws/build/subpub_pkg/install.log'
[12.759s] Invoked command in '/home/zakaria/ros2_ws/src/subpub_pkg' returned '0': PYTHONPATH=/home/zakaria/ros2_ws/build/subpub_pkg/prefix_override:/home/zakaria/ros2_ws/install/subpub_pkg/lib/python3.10/site-packages:${PYTHONPATH} /usr/bin/python3 setup.py egg_info --egg-base ../../build/subpub_pkg build --build-base /home/zakaria/ros2_ws/build/subpub_pkg/build install --record /home/zakaria/ros2_ws/build/subpub_pkg/install.log --single-version-externally-managed
