[3.828s] Invoking command in '/home/zakaria/ros2_ws/build/examples_rclpy_minimal_client': PYTHONPATH=/home/zakaria/ros2_ws/build/examples_rclpy_minimal_client/prefix_override:/home/zakaria/ros2_ws/install/examples_rclpy_minimal_client/lib/python3.10/site-packages:${PYTHONPATH} /usr/bin/python3 setup.py develop --uninstall --editable --build-directory /home/zakaria/ros2_ws/build/examples_rclpy_minimal_client/build
[4.472s] running develop
[4.851s] Removing /home/zakaria/ros2_ws/install/examples_rclpy_minimal_client/lib/python3.10/site-packages/examples-rclpy-minimal-client.egg-link (link to .)
[4.899s] Invoked command in '/home/zakaria/ros2_ws/build/examples_rclpy_minimal_client' returned '0': PYTHONPATH=/home/zakaria/ros2_ws/build/examples_rclpy_minimal_client/prefix_override:/home/zakaria/ros2_ws/install/examples_rclpy_minimal_client/lib/python3.10/site-packages:${PYTHONPATH} /usr/bin/python3 setup.py develop --uninstall --editable --build-directory /home/zakaria/ros2_ws/build/examples_rclpy_minimal_client/build
[4.900s] Invoking command in '/home/zakaria/ros2_ws/src/examples/rclpy/services/minimal_client': PYTHONPATH=/home/zakaria/ros2_ws/build/examples_rclpy_minimal_client/prefix_override:/home/zakaria/ros2_ws/install/examples_rclpy_minimal_client/lib/python3.10/site-packages:${PYTHONPATH} /usr/bin/python3 setup.py egg_info --egg-base ../../../../../build/examples_rclpy_minimal_client build --build-base /home/zakaria/ros2_ws/build/examples_rclpy_minimal_client/build install --record /home/zakaria/ros2_ws/build/examples_rclpy_minimal_client/install.log --single-version-externally-managed
[5.403s] running egg_info
[5.404s] writing ../../../../../build/examples_rclpy_minimal_client/examples_rclpy_minimal_client.egg-info/PKG-INFO
[5.405s] writing dependency_links to ../../../../../build/examples_rclpy_minimal_client/examples_rclpy_minimal_client.egg-info/dependency_links.txt
[5.405s] writing entry points to ../../../../../build/examples_rclpy_minimal_client/examples_rclpy_minimal_client.egg-info/entry_points.txt
[5.405s] writing requirements to ../../../../../build/examples_rclpy_minimal_client/examples_rclpy_minimal_client.egg-info/requires.txt
[5.405s] writing top-level names to ../../../../../build/examples_rclpy_minimal_client/examples_rclpy_minimal_client.egg-info/top_level.txt
[5.411s] reading manifest file '../../../../../build/examples_rclpy_minimal_client/examples_rclpy_minimal_client.egg-info/SOURCES.txt'
[5.412s] writing manifest file '../../../../../build/examples_rclpy_minimal_client/examples_rclpy_minimal_client.egg-info/SOURCES.txt'
[5.412s] running build
[5.413s] running build_py
[5.413s] creating /home/zakaria/ros2_ws/build/examples_rclpy_minimal_client/build
[5.413s] creating /home/zakaria/ros2_ws/build/examples_rclpy_minimal_client/build/lib
[5.413s] creating /home/zakaria/ros2_ws/build/examples_rclpy_minimal_client/build/lib/examples_rclpy_minimal_client
[5.413s] copying examples_rclpy_minimal_client/client_async_callback.py -> /home/zakaria/ros2_ws/build/examples_rclpy_minimal_client/build/lib/examples_rclpy_minimal_client
[5.413s] copying examples_rclpy_minimal_client/client_async.py -> /home/zakaria/ros2_ws/build/examples_rclpy_minimal_client/build/lib/examples_rclpy_minimal_client
[5.413s] copying examples_rclpy_minimal_client/client.py -> /home/zakaria/ros2_ws/build/examples_rclpy_minimal_client/build/lib/examples_rclpy_minimal_client
[5.414s] copying examples_rclpy_minimal_client/__init__.py -> /home/zakaria/ros2_ws/build/examples_rclpy_minimal_client/build/lib/examples_rclpy_minimal_client
[5.414s] copying examples_rclpy_minimal_client/client_async_member_function.py -> /home/zakaria/ros2_ws/build/examples_rclpy_minimal_client/build/lib/examples_rclpy_minimal_client
[5.414s] running install
[5.415s] running install_lib
[5.416s] creating /home/zakaria/ros2_ws/install/examples_rclpy_minimal_client/lib/python3.10/site-packages/examples_rclpy_minimal_client
[5.416s] copying /home/zakaria/ros2_ws/build/examples_rclpy_minimal_client/build/lib/examples_rclpy_minimal_client/client_async_callback.py -> /home/zakaria/ros2_ws/install/examples_rclpy_minimal_client/lib/python3.10/site-packages/examples_rclpy_minimal_client
[5.416s] copying /home/zakaria/ros2_ws/build/examples_rclpy_minimal_client/build/lib/examples_rclpy_minimal_client/client_async.py -> /home/zakaria/ros2_ws/install/examples_rclpy_minimal_client/lib/python3.10/site-packages/examples_rclpy_minimal_client
[5.416s] copying /home/zakaria/ros2_ws/build/examples_rclpy_minimal_client/build/lib/examples_rclpy_minimal_client/client.py -> /home/zakaria/ros2_ws/install/examples_rclpy_minimal_client/lib/python3.10/site-packages/examples_rclpy_minimal_client
[5.416s] copying /home/zakaria/ros2_ws/build/examples_rclpy_minimal_client/build/lib/examples_rclpy_minimal_client/__init__.py -> /home/zakaria/ros2_ws/install/examples_rclpy_minimal_client/lib/python3.10/site-packages/examples_rclpy_minimal_client
[5.417s] copying /home/zakaria/ros2_ws/build/examples_rclpy_minimal_client/build/lib/examples_rclpy_minimal_client/client_async_member_function.py -> /home/zakaria/ros2_ws/install/examples_rclpy_minimal_client/lib/python3.10/site-packages/examples_rclpy_minimal_client
[5.418s] byte-compiling /home/zakaria/ros2_ws/install/examples_rclpy_minimal_client/lib/python3.10/site-packages/examples_rclpy_minimal_client/client_async_callback.py to client_async_callback.cpython-310.pyc
[5.419s] byte-compiling /home/zakaria/ros2_ws/install/examples_rclpy_minimal_client/lib/python3.10/site-packages/examples_rclpy_minimal_client/client_async.py to client_async.cpython-310.pyc
[5.419s] byte-compiling /home/zakaria/ros2_ws/install/examples_rclpy_minimal_client/lib/python3.10/site-packages/examples_rclpy_minimal_client/client.py to client.cpython-310.pyc
[5.420s] byte-compiling /home/zakaria/ros2_ws/install/examples_rclpy_minimal_client/lib/python3.10/site-packages/examples_rclpy_minimal_client/__init__.py to __init__.cpython-310.pyc
[5.420s] byte-compiling /home/zakaria/ros2_ws/install/examples_rclpy_minimal_client/lib/python3.10/site-packages/examples_rclpy_minimal_client/client_async_member_function.py to client_async_member_function.cpython-310.pyc
[5.421s] running install_data
[5.422s] running install_egg_info
[5.425s] Copying ../../../../../build/examples_rclpy_minimal_client/examples_rclpy_minimal_client.egg-info to /home/zakaria/ros2_ws/install/examples_rclpy_minimal_client/lib/python3.10/site-packages/examples_rclpy_minimal_client-0.15.1-py3.10.egg-info
[5.426s] running install_scripts
[5.460s] Installing client script to /home/zakaria/ros2_ws/install/examples_rclpy_minimal_client/lib/examples_rclpy_minimal_client
[5.460s] Installing client_async script to /home/zakaria/ros2_ws/install/examples_rclpy_minimal_client/lib/examples_rclpy_minimal_client
[5.460s] Installing client_async_callback script to /home/zakaria/ros2_ws/install/examples_rclpy_minimal_client/lib/examples_rclpy_minimal_client
[5.461s] Installing client_async_member_function script to /home/zakaria/ros2_ws/install/examples_rclpy_minimal_client/lib/examples_rclpy_minimal_client
[5.461s] writing list of installed files to '/home/zakaria/ros2_ws/build/examples_rclpy_minimal_client/install.log'
[5.875s] Invoked command in '/home/zakaria/ros2_ws/src/examples/rclpy/services/minimal_client' returned '0': PYTHONPATH=/home/zakaria/ros2_ws/build/examples_rclpy_minimal_client/prefix_override:/home/zakaria/ros2_ws/install/examples_rclpy_minimal_client/lib/python3.10/site-packages:${PYTHONPATH} /usr/bin/python3 setup.py egg_info --egg-base ../../../../../build/examples_rclpy_minimal_client build --build-base /home/zakaria/ros2_ws/build/examples_rclpy_minimal_client/build install --record /home/zakaria/ros2_ws/build/examples_rclpy_minimal_client/install.log --single-version-externally-managed
