[3.031s] Invoking command in '/home/zakaria/ros2_ws/src/lidar_pkg': PYTHONPATH=/home/zakaria/ros2_ws/build/lidar_pkg/prefix_override:/home/zakaria/ros2_ws/install/lidar_pkg/lib/python3.10/site-packages:${PYTHONPATH} /usr/bin/python3 setup.py egg_info --egg-base ../../build/lidar_pkg build --build-base /home/zakaria/ros2_ws/build/lidar_pkg/build install --record /home/zakaria/ros2_ws/build/lidar_pkg/install.log --single-version-externally-managed
[3.502s] running egg_info
[3.503s] writing ../../build/lidar_pkg/lidar_pkg.egg-info/PKG-INFO
[3.503s] writing dependency_links to ../../build/lidar_pkg/lidar_pkg.egg-info/dependency_links.txt
[3.503s] writing entry points to ../../build/lidar_pkg/lidar_pkg.egg-info/entry_points.txt
[3.504s] writing requirements to ../../build/lidar_pkg/lidar_pkg.egg-info/requires.txt
[3.504s] writing top-level names to ../../build/lidar_pkg/lidar_pkg.egg-info/top_level.txt
[3.506s] reading manifest file '../../build/lidar_pkg/lidar_pkg.egg-info/SOURCES.txt'
[3.507s] writing manifest file '../../build/lidar_pkg/lidar_pkg.egg-info/SOURCES.txt'
[3.507s] running build
[3.507s] running build_py
[3.507s] copying lidar_pkg/lidar.py -> /home/zakaria/ros2_ws/build/lidar_pkg/build/lib/lidar_pkg
[3.508s] running install
[3.508s] running install_lib
[3.509s] copying /home/zakaria/ros2_ws/build/lidar_pkg/build/lib/lidar_pkg/lidar.py -> /home/zakaria/ros2_ws/install/lidar_pkg/lib/python3.10/site-packages/lidar_pkg
[3.510s] byte-compiling /home/zakaria/ros2_ws/install/lidar_pkg/lib/python3.10/site-packages/lidar_pkg/lidar.py to lidar.cpython-310.pyc
[3.511s] running install_data
[3.512s] running install_egg_info
[3.514s] removing '/home/zakaria/ros2_ws/install/lidar_pkg/lib/python3.10/site-packages/lidar_pkg-0.0.0-py3.10.egg-info' (and everything under it)
[3.515s] Copying ../../build/lidar_pkg/lidar_pkg.egg-info to /home/zakaria/ros2_ws/install/lidar_pkg/lib/python3.10/site-packages/lidar_pkg-0.0.0-py3.10.egg-info
[3.516s] running install_scripts
[3.541s] Installing lidar script to /home/zakaria/ros2_ws/install/lidar_pkg/lib/lidar_pkg
[3.541s] writing list of installed files to '/home/zakaria/ros2_ws/build/lidar_pkg/install.log'
[3.610s] Invoked command in '/home/zakaria/ros2_ws/src/lidar_pkg' returned '0': PYTHONPATH=/home/zakaria/ros2_ws/build/lidar_pkg/prefix_override:/home/zakaria/ros2_ws/install/lidar_pkg/lib/python3.10/site-packages:${PYTHONPATH} /usr/bin/python3 setup.py egg_info --egg-base ../../build/lidar_pkg build --build-base /home/zakaria/ros2_ws/build/lidar_pkg/build install --record /home/zakaria/ros2_ws/build/lidar_pkg/install.log --single-version-externally-managed
