[4.418s] Invoking command in '/home/zakaria/ros2_ws/src/examples/rclpy/services/minimal_client': PYTHONPATH=/home/zakaria/ros2_ws/build/examples_rclpy_minimal_client/prefix_override:/home/zakaria/ros2_ws/install/examples_rclpy_minimal_client/lib/python3.10/site-packages:${PYTHONPATH} /usr/bin/python3 setup.py egg_info --egg-base ../../../../../build/examples_rclpy_minimal_client build --build-base /home/zakaria/ros2_ws/build/examples_rclpy_minimal_client/build install --record /home/zakaria/ros2_ws/build/examples_rclpy_minimal_client/install.log --single-version-externally-managed
[5.229s] running egg_info
[5.230s] writing ../../../../../build/examples_rclpy_minimal_client/examples_rclpy_minimal_client.egg-info/PKG-INFO
[5.230s] writing dependency_links to ../../../../../build/examples_rclpy_minimal_client/examples_rclpy_minimal_client.egg-info/dependency_links.txt
[5.230s] writing entry points to ../../../../../build/examples_rclpy_minimal_client/examples_rclpy_minimal_client.egg-info/entry_points.txt
[5.230s] writing requirements to ../../../../../build/examples_rclpy_minimal_client/examples_rclpy_minimal_client.egg-info/requires.txt
[5.230s] writing top-level names to ../../../../../build/examples_rclpy_minimal_client/examples_rclpy_minimal_client.egg-info/top_level.txt
[5.234s] reading manifest file '../../../../../build/examples_rclpy_minimal_client/examples_rclpy_minimal_client.egg-info/SOURCES.txt'
[5.236s] writing manifest file '../../../../../build/examples_rclpy_minimal_client/examples_rclpy_minimal_client.egg-info/SOURCES.txt'
[5.236s] running build
[5.236s] running build_py
[5.237s] running install
[5.237s] running install_lib
[5.240s] running install_data
[5.240s] running install_egg_info
[5.243s] removing '/home/zakaria/ros2_ws/install/examples_rclpy_minimal_client/lib/python3.10/site-packages/examples_rclpy_minimal_client-0.15.1-py3.10.egg-info' (and everything under it)
[5.245s] Copying ../../../../../build/examples_rclpy_minimal_client/examples_rclpy_minimal_client.egg-info to /home/zakaria/ros2_ws/install/examples_rclpy_minimal_client/lib/python3.10/site-packages/examples_rclpy_minimal_client-0.15.1-py3.10.egg-info
[5.246s] running install_scripts
[5.283s] Installing client script to /home/zakaria/ros2_ws/install/examples_rclpy_minimal_client/lib/examples_rclpy_minimal_client
[5.284s] Installing client_async script to /home/zakaria/ros2_ws/install/examples_rclpy_minimal_client/lib/examples_rclpy_minimal_client
[5.284s] Installing client_async_callback script to /home/zakaria/ros2_ws/install/examples_rclpy_minimal_client/lib/examples_rclpy_minimal_client
[5.284s] Installing client_async_member_function script to /home/zakaria/ros2_ws/install/examples_rclpy_minimal_client/lib/examples_rclpy_minimal_client
[5.284s] writing list of installed files to '/home/zakaria/ros2_ws/build/examples_rclpy_minimal_client/install.log'
[5.908s] Invoked command in '/home/zakaria/ros2_ws/src/examples/rclpy/services/minimal_client' returned '0': PYTHONPATH=/home/zakaria/ros2_ws/build/examples_rclpy_minimal_client/prefix_override:/home/zakaria/ros2_ws/install/examples_rclpy_minimal_client/lib/python3.10/site-packages:${PYTHONPATH} /usr/bin/python3 setup.py egg_info --egg-base ../../../../../build/examples_rclpy_minimal_client build --build-base /home/zakaria/ros2_ws/build/examples_rclpy_minimal_client/build install --record /home/zakaria/ros2_ws/build/examples_rclpy_minimal_client/install.log --single-version-externally-managed
