[2.184s] Invoking command in '/home/zakaria/ros2_ws/src/examples/rclpy/topics/pointcloud_publisher': PYTHONPATH=/home/zakaria/ros2_ws/build/examples_rclpy_pointcloud_publisher/prefix_override:/home/zakaria/ros2_ws/install/examples_rclpy_pointcloud_publisher/lib/python3.10/site-packages:${PYTHONPATH} /usr/bin/python3 setup.py egg_info --egg-base ../../../../../build/examples_rclpy_pointcloud_publisher build --build-base /home/zakaria/ros2_ws/build/examples_rclpy_pointcloud_publisher/build install --record /home/zakaria/ros2_ws/build/examples_rclpy_pointcloud_publisher/install.log --single-version-externally-managed
[2.455s] running egg_info
[2.456s] writing ../../../../../build/examples_rclpy_pointcloud_publisher/examples_rclpy_pointcloud_publisher.egg-info/PKG-INFO
[2.456s] writing dependency_links to ../../../../../build/examples_rclpy_pointcloud_publisher/examples_rclpy_pointcloud_publisher.egg-info/dependency_links.txt
[2.456s] writing entry points to ../../../../../build/examples_rclpy_pointcloud_publisher/examples_rclpy_pointcloud_publisher.egg-info/entry_points.txt
[2.456s] writing requirements to ../../../../../build/examples_rclpy_pointcloud_publisher/examples_rclpy_pointcloud_publisher.egg-info/requires.txt
[2.456s] writing top-level names to ../../../../../build/examples_rclpy_pointcloud_publisher/examples_rclpy_pointcloud_publisher.egg-info/top_level.txt
[2.458s] reading manifest file '../../../../../build/examples_rclpy_pointcloud_publisher/examples_rclpy_pointcloud_publisher.egg-info/SOURCES.txt'
[2.459s] writing manifest file '../../../../../build/examples_rclpy_pointcloud_publisher/examples_rclpy_pointcloud_publisher.egg-info/SOURCES.txt'
[2.459s] running build
[2.459s] running build_py
[2.459s] running install
[2.460s] running install_lib
[2.461s] running install_data
[2.461s] running install_egg_info
[2.463s] removing '/home/zakaria/ros2_ws/install/examples_rclpy_pointcloud_publisher/lib/python3.10/site-packages/examples_rclpy_pointcloud_publisher-0.15.1-py3.10.egg-info' (and everything under it)
[2.463s] Copying ../../../../../build/examples_rclpy_pointcloud_publisher/examples_rclpy_pointcloud_publisher.egg-info to /home/zakaria/ros2_ws/install/examples_rclpy_pointcloud_publisher/lib/python3.10/site-packages/examples_rclpy_pointcloud_publisher-0.15.1-py3.10.egg-info
[2.464s] running install_scripts
[2.487s] Installing pointcloud_publisher script to /home/zakaria/ros2_ws/install/examples_rclpy_pointcloud_publisher/lib/examples_rclpy_pointcloud_publisher
[2.488s] writing list of installed files to '/home/zakaria/ros2_ws/build/examples_rclpy_pointcloud_publisher/install.log'
[2.520s] Invoked command in '/home/zakaria/ros2_ws/src/examples/rclpy/topics/pointcloud_publisher' returned '0': PYTHONPATH=/home/zakaria/ros2_ws/build/examples_rclpy_pointcloud_publisher/prefix_override:/home/zakaria/ros2_ws/install/examples_rclpy_pointcloud_publisher/lib/python3.10/site-packages:${PYTHONPATH} /usr/bin/python3 setup.py egg_info --egg-base ../../../../../build/examples_rclpy_pointcloud_publisher build --build-base /home/zakaria/ros2_ws/build/examples_rclpy_pointcloud_publisher/build install --record /home/zakaria/ros2_ws/build/examples_rclpy_pointcloud_publisher/install.log --single-version-externally-managed
