[3.850s] Invoking command in '/home/zakaria/ros2_ws/src/examples/rclpy/topics/minimal_publisher': PYTHONPATH=/home/zakaria/ros2_ws/build/examples_rclpy_minimal_publisher/prefix_override:/home/zakaria/ros2_ws/install/examples_rclpy_minimal_publisher/lib/python3.10/site-packages:${PYTHONPATH} /usr/bin/python3 setup.py egg_info --egg-base ../../../../../build/examples_rclpy_minimal_publisher build --build-base /home/zakaria/ros2_ws/build/examples_rclpy_minimal_publisher/build install --record /home/zakaria/ros2_ws/build/examples_rclpy_minimal_publisher/install.log --single-version-externally-managed
[4.468s] running egg_info
[4.470s] writing ../../../../../build/examples_rclpy_minimal_publisher/examples_rclpy_minimal_publisher.egg-info/PKG-INFO
[4.471s] writing dependency_links to ../../../../../build/examples_rclpy_minimal_publisher/examples_rclpy_minimal_publisher.egg-info/dependency_links.txt
[4.472s] writing entry points to ../../../../../build/examples_rclpy_minimal_publisher/examples_rclpy_minimal_publisher.egg-info/entry_points.txt
[4.473s] writing requirements to ../../../../../build/examples_rclpy_minimal_publisher/examples_rclpy_minimal_publisher.egg-info/requires.txt
[4.473s] writing top-level names to ../../../../../build/examples_rclpy_minimal_publisher/examples_rclpy_minimal_publisher.egg-info/top_level.txt
[4.477s] reading manifest file '../../../../../build/examples_rclpy_minimal_publisher/examples_rclpy_minimal_publisher.egg-info/SOURCES.txt'
[4.480s] writing manifest file '../../../../../build/examples_rclpy_minimal_publisher/examples_rclpy_minimal_publisher.egg-info/SOURCES.txt'
[4.481s] running build
[4.481s] running build_py
[4.488s] running install
[4.489s] running install_lib
[4.493s] running install_data
[4.496s] running install_egg_info
[4.499s] removing '/home/zakaria/ros2_ws/install/examples_rclpy_minimal_publisher/lib/python3.10/site-packages/examples_rclpy_minimal_publisher-0.15.1-py3.10.egg-info' (and everything under it)
[4.500s] Copying ../../../../../build/examples_rclpy_minimal_publisher/examples_rclpy_minimal_publisher.egg-info to /home/zakaria/ros2_ws/install/examples_rclpy_minimal_publisher/lib/python3.10/site-packages/examples_rclpy_minimal_publisher-0.15.1-py3.10.egg-info
[4.502s] running install_scripts
[4.542s] Installing publisher_local_function script to /home/zakaria/ros2_ws/install/examples_rclpy_minimal_publisher/lib/examples_rclpy_minimal_publisher
[4.542s] Installing publisher_member_function script to /home/zakaria/ros2_ws/install/examples_rclpy_minimal_publisher/lib/examples_rclpy_minimal_publisher
[4.543s] Installing publisher_old_school script to /home/zakaria/ros2_ws/install/examples_rclpy_minimal_publisher/lib/examples_rclpy_minimal_publisher
[4.544s] writing list of installed files to '/home/zakaria/ros2_ws/build/examples_rclpy_minimal_publisher/install.log'
[4.807s] Invoked command in '/home/zakaria/ros2_ws/src/examples/rclpy/topics/minimal_publisher' returned '0': PYTHONPATH=/home/zakaria/ros2_ws/build/examples_rclpy_minimal_publisher/prefix_override:/home/zakaria/ros2_ws/install/examples_rclpy_minimal_publisher/lib/python3.10/site-packages:${PYTHONPATH} /usr/bin/python3 setup.py egg_info --egg-base ../../../../../build/examples_rclpy_minimal_publisher build --build-base /home/zakaria/ros2_ws/build/examples_rclpy_minimal_publisher/build install --record /home/zakaria/ros2_ws/build/examples_rclpy_minimal_publisher/install.log --single-version-externally-managed
