[4.713s] Invoking command in '/home/zakaria/ros2_ws/src/examples/rclpy/services/minimal_service': PYTHONPATH=/home/zakaria/ros2_ws/build/examples_rclpy_minimal_service/prefix_override:/home/zakaria/ros2_ws/install/examples_rclpy_minimal_service/lib/python3.10/site-packages:${PYTHONPATH} /usr/bin/python3 setup.py egg_info --egg-base ../../../../../build/examples_rclpy_minimal_service build --build-base /home/zakaria/ros2_ws/build/examples_rclpy_minimal_service/build install --record /home/zakaria/ros2_ws/build/examples_rclpy_minimal_service/install.log --single-version-externally-managed
[5.362s] running egg_info
[5.363s] writing ../../../../../build/examples_rclpy_minimal_service/examples_rclpy_minimal_service.egg-info/PKG-INFO
[5.363s] writing dependency_links to ../../../../../build/examples_rclpy_minimal_service/examples_rclpy_minimal_service.egg-info/dependency_links.txt
[5.364s] writing entry points to ../../../../../build/examples_rclpy_minimal_service/examples_rclpy_minimal_service.egg-info/entry_points.txt
[5.364s] writing requirements to ../../../../../build/examples_rclpy_minimal_service/examples_rclpy_minimal_service.egg-info/requires.txt
[5.364s] writing top-level names to ../../../../../build/examples_rclpy_minimal_service/examples_rclpy_minimal_service.egg-info/top_level.txt
[5.367s] reading manifest file '../../../../../build/examples_rclpy_minimal_service/examples_rclpy_minimal_service.egg-info/SOURCES.txt'
[5.369s] writing manifest file '../../../../../build/examples_rclpy_minimal_service/examples_rclpy_minimal_service.egg-info/SOURCES.txt'
[5.369s] running build
[5.369s] running build_py
[5.370s] running install
[5.371s] running install_lib
[5.373s] running install_data
[5.374s] running install_egg_info
[5.380s] removing '/home/zakaria/ros2_ws/install/examples_rclpy_minimal_service/lib/python3.10/site-packages/examples_rclpy_minimal_service-0.15.1-py3.10.egg-info' (and everything under it)
[5.390s] Copying ../../../../../build/examples_rclpy_minimal_service/examples_rclpy_minimal_service.egg-info to /home/zakaria/ros2_ws/install/examples_rclpy_minimal_service/lib/python3.10/site-packages/examples_rclpy_minimal_service-0.15.1-py3.10.egg-info
[5.403s] running install_scripts
[5.482s] Installing service script to /home/zakaria/ros2_ws/install/examples_rclpy_minimal_service/lib/examples_rclpy_minimal_service
[5.482s] Installing service_member_function script to /home/zakaria/ros2_ws/install/examples_rclpy_minimal_service/lib/examples_rclpy_minimal_service
[5.482s] writing list of installed files to '/home/zakaria/ros2_ws/build/examples_rclpy_minimal_service/install.log'
[5.550s] Invoked command in '/home/zakaria/ros2_ws/src/examples/rclpy/services/minimal_service' returned '0': PYTHONPATH=/home/zakaria/ros2_ws/build/examples_rclpy_minimal_service/prefix_override:/home/zakaria/ros2_ws/install/examples_rclpy_minimal_service/lib/python3.10/site-packages:${PYTHONPATH} /usr/bin/python3 setup.py egg_info --egg-base ../../../../../build/examples_rclpy_minimal_service build --build-base /home/zakaria/ros2_ws/build/examples_rclpy_minimal_service/build install --record /home/zakaria/ros2_ws/build/examples_rclpy_minimal_service/install.log --single-version-externally-managed
