[1.626s] Invoking command in '/home/zakaria/ros2_ws/build/examples_rclpy_pointcloud_publisher': PYTHONPATH=/home/zakaria/ros2_ws/build/examples_rclpy_pointcloud_publisher/prefix_override:/home/zakaria/ros2_ws/install/examples_rclpy_pointcloud_publisher/lib/python3.10/site-packages:${PYTHONPATH} /usr/bin/python3 setup.py develop --editable --build-directory /home/zakaria/ros2_ws/build/examples_rclpy_pointcloud_publisher/build --no-deps install_data
[1.883s] running develop
[2.071s] running egg_info
[2.071s] creating examples_rclpy_pointcloud_publisher.egg-info
[2.071s] writing examples_rclpy_pointcloud_publisher.egg-info/PKG-INFO
[2.071s] writing dependency_links to examples_rclpy_pointcloud_publisher.egg-info/dependency_links.txt
[2.071s] writing entry points to examples_rclpy_pointcloud_publisher.egg-info/entry_points.txt
[2.071s] writing requirements to examples_rclpy_pointcloud_publisher.egg-info/requires.txt
[2.072s] writing top-level names to examples_rclpy_pointcloud_publisher.egg-info/top_level.txt
[2.072s] writing manifest file 'examples_rclpy_pointcloud_publisher.egg-info/SOURCES.txt'
[2.074s] reading manifest file 'examples_rclpy_pointcloud_publisher.egg-info/SOURCES.txt'
[2.074s] writing manifest file 'examples_rclpy_pointcloud_publisher.egg-info/SOURCES.txt'
[2.076s] running build_ext
[2.076s] Creating /home/zakaria/ros2_ws/install/examples_rclpy_pointcloud_publisher/lib/python3.10/site-packages/examples-rclpy-pointcloud-publisher.egg-link (link to .)
[2.077s] Installing pointcloud_publisher script to /home/zakaria/ros2_ws/install/examples_rclpy_pointcloud_publisher/lib/examples_rclpy_pointcloud_publisher
[2.077s] 
[2.077s] Installed /home/zakaria/ros2_ws/build/examples_rclpy_pointcloud_publisher
[2.077s] running install_data
[2.077s] creating /home/zakaria/ros2_ws/install/examples_rclpy_pointcloud_publisher/share/ament_index
[2.077s] creating /home/zakaria/ros2_ws/install/examples_rclpy_pointcloud_publisher/share/ament_index/resource_index
[2.077s] creating /home/zakaria/ros2_ws/install/examples_rclpy_pointcloud_publisher/share/ament_index/resource_index/packages
[2.077s] copying resource/examples_rclpy_pointcloud_publisher -> /home/zakaria/ros2_ws/install/examples_rclpy_pointcloud_publisher/share/ament_index/resource_index/packages
[2.077s] copying package.xml -> /home/zakaria/ros2_ws/install/examples_rclpy_pointcloud_publisher/share/examples_rclpy_pointcloud_publisher
[2.180s] Invoked command in '/home/zakaria/ros2_ws/build/examples_rclpy_pointcloud_publisher' returned '0': PYTHONPATH=/home/zakaria/ros2_ws/build/examples_rclpy_pointcloud_publisher/prefix_override:/home/zakaria/ros2_ws/install/examples_rclpy_pointcloud_publisher/lib/python3.10/site-packages:${PYTHONPATH} /usr/bin/python3 setup.py develop --editable --build-directory /home/zakaria/ros2_ws/build/examples_rclpy_pointcloud_publisher/build --no-deps install_data
