[3.570s] Invoking command in '/home/zakaria/ros2_ws/build/examples_rclpy_minimal_service': PYTHONPATH=/home/zakaria/ros2_ws/build/examples_rclpy_minimal_service/prefix_override:/home/zakaria/ros2_ws/install/examples_rclpy_minimal_service/lib/python3.10/site-packages:${PYTHONPATH} /usr/bin/python3 setup.py develop --editable --build-directory /home/zakaria/ros2_ws/build/examples_rclpy_minimal_service/build --no-deps install_data
[4.051s] running develop
[4.361s] running egg_info
[4.361s] creating examples_rclpy_minimal_service.egg-info
[4.362s] writing examples_rclpy_minimal_service.egg-info/PKG-INFO
[4.362s] writing dependency_links to examples_rclpy_minimal_service.egg-info/dependency_links.txt
[4.362s] writing entry points to examples_rclpy_minimal_service.egg-info/entry_points.txt
[4.362s] writing requirements to examples_rclpy_minimal_service.egg-info/requires.txt
[4.363s] writing top-level names to examples_rclpy_minimal_service.egg-info/top_level.txt
[4.363s] writing manifest file 'examples_rclpy_minimal_service.egg-info/SOURCES.txt'
[4.366s] reading manifest file 'examples_rclpy_minimal_service.egg-info/SOURCES.txt'
[4.366s] writing manifest file 'examples_rclpy_minimal_service.egg-info/SOURCES.txt'
[4.369s] running build_ext
[4.369s] Creating /home/zakaria/ros2_ws/install/examples_rclpy_minimal_service/lib/python3.10/site-packages/examples-rclpy-minimal-service.egg-link (link to .)
[4.370s] Installing service script to /home/zakaria/ros2_ws/install/examples_rclpy_minimal_service/lib/examples_rclpy_minimal_service
[4.371s] Installing service_member_function script to /home/zakaria/ros2_ws/install/examples_rclpy_minimal_service/lib/examples_rclpy_minimal_service
[4.371s] 
[4.371s] Installed /home/zakaria/ros2_ws/build/examples_rclpy_minimal_service
[4.371s] running install_data
[4.371s] creating /home/zakaria/ros2_ws/install/examples_rclpy_minimal_service/share/ament_index
[4.372s] creating /home/zakaria/ros2_ws/install/examples_rclpy_minimal_service/share/ament_index/resource_index
[4.372s] creating /home/zakaria/ros2_ws/install/examples_rclpy_minimal_service/share/ament_index/resource_index/packages
[4.372s] copying resource/examples_rclpy_minimal_service -> /home/zakaria/ros2_ws/install/examples_rclpy_minimal_service/share/ament_index/resource_index/packages
[4.372s] copying package.xml -> /home/zakaria/ros2_ws/install/examples_rclpy_minimal_service/share/examples_rclpy_minimal_service
[4.617s] Invoked command in '/home/zakaria/ros2_ws/build/examples_rclpy_minimal_service' returned '0': PYTHONPATH=/home/zakaria/ros2_ws/build/examples_rclpy_minimal_service/prefix_override:/home/zakaria/ros2_ws/install/examples_rclpy_minimal_service/lib/python3.10/site-packages:${PYTHONPATH} /usr/bin/python3 setup.py develop --editable --build-directory /home/zakaria/ros2_ws/build/examples_rclpy_minimal_service/build --no-deps install_data
