[3.655s] Invoking command in '/home/zakaria/ros2_ws/build/examples_rclpy_minimal_publisher': PYTHONPATH=/home/zakaria/ros2_ws/build/examples_rclpy_minimal_publisher/prefix_override:/home/zakaria/ros2_ws/install/examples_rclpy_minimal_publisher/lib/python3.10/site-packages:${PYTHONPATH} /usr/bin/python3 setup.py develop --editable --build-directory /home/zakaria/ros2_ws/build/examples_rclpy_minimal_publisher/build --no-deps install_data
[4.129s] running develop
[4.436s] running egg_info
[4.436s] creating examples_rclpy_minimal_publisher.egg-info
[4.436s] writing examples_rclpy_minimal_publisher.egg-info/PKG-INFO
[4.436s] writing dependency_links to examples_rclpy_minimal_publisher.egg-info/dependency_links.txt
[4.437s] writing entry points to examples_rclpy_minimal_publisher.egg-info/entry_points.txt
[4.437s] writing requirements to examples_rclpy_minimal_publisher.egg-info/requires.txt
[4.437s] writing top-level names to examples_rclpy_minimal_publisher.egg-info/top_level.txt
[4.437s] writing manifest file 'examples_rclpy_minimal_publisher.egg-info/SOURCES.txt'
[4.440s] reading manifest file 'examples_rclpy_minimal_publisher.egg-info/SOURCES.txt'
[4.441s] writing manifest file 'examples_rclpy_minimal_publisher.egg-info/SOURCES.txt'
[4.443s] running build_ext
[4.444s] Creating /home/zakaria/ros2_ws/install/examples_rclpy_minimal_publisher/lib/python3.10/site-packages/examples-rclpy-minimal-publisher.egg-link (link to .)
[4.444s] Installing publisher_local_function script to /home/zakaria/ros2_ws/install/examples_rclpy_minimal_publisher/lib/examples_rclpy_minimal_publisher
[4.445s] Installing publisher_member_function script to /home/zakaria/ros2_ws/install/examples_rclpy_minimal_publisher/lib/examples_rclpy_minimal_publisher
[4.445s] Installing publisher_old_school script to /home/zakaria/ros2_ws/install/examples_rclpy_minimal_publisher/lib/examples_rclpy_minimal_publisher
[4.445s] 
[4.445s] Installed /home/zakaria/ros2_ws/build/examples_rclpy_minimal_publisher
[4.446s] running install_data
[4.446s] creating /home/zakaria/ros2_ws/install/examples_rclpy_minimal_publisher/share/ament_index
[4.446s] creating /home/zakaria/ros2_ws/install/examples_rclpy_minimal_publisher/share/ament_index/resource_index
[4.446s] creating /home/zakaria/ros2_ws/install/examples_rclpy_minimal_publisher/share/ament_index/resource_index/packages
[4.446s] copying resource/examples_rclpy_minimal_publisher -> /home/zakaria/ros2_ws/install/examples_rclpy_minimal_publisher/share/ament_index/resource_index/packages
[4.446s] copying package.xml -> /home/zakaria/ros2_ws/install/examples_rclpy_minimal_publisher/share/examples_rclpy_minimal_publisher
[4.527s] Invoked command in '/home/zakaria/ros2_ws/build/examples_rclpy_minimal_publisher' returned '0': PYTHONPATH=/home/zakaria/ros2_ws/build/examples_rclpy_minimal_publisher/prefix_override:/home/zakaria/ros2_ws/install/examples_rclpy_minimal_publisher/lib/python3.10/site-packages:${PYTHONPATH} /usr/bin/python3 setup.py develop --editable --build-directory /home/zakaria/ros2_ws/build/examples_rclpy_minimal_publisher/build --no-deps install_data
