running egg_info
writing ../../build/publisher_pkg/publisher_pkg.egg-info/PKG-INFO
writing dependency_links to ../../build/publisher_pkg/publisher_pkg.egg-info/dependency_links.txt
writing entry points to ../../build/publisher_pkg/publisher_pkg.egg-info/entry_points.txt
writing requirements to ../../build/publisher_pkg/publisher_pkg.egg-info/requires.txt
writing top-level names to ../../build/publisher_pkg/publisher_pkg.egg-info/top_level.txt
reading manifest file '../../build/publisher_pkg/publisher_pkg.egg-info/SOURCES.txt'
writing manifest file '../../build/publisher_pkg/publisher_pkg.egg-info/SOURCES.txt'
running build
running build_py
copying publisher_pkg/simple_publisher.py -> /home/zakaria/ros2_ws/build/publisher_pkg/build/lib/publisher_pkg
running install
running install_lib
copying /home/zakaria/ros2_ws/build/publisher_pkg/build/lib/publisher_pkg/simple_publisher.py -> /home/zakaria/ros2_ws/install/publisher_pkg/lib/python3.10/site-packages/publisher_pkg
byte-compiling /home/zakaria/ros2_ws/install/publisher_pkg/lib/python3.10/site-packages/publisher_pkg/simple_publisher.py to simple_publisher.cpython-310.pyc
running install_data
copying launch/publisher_pkg_launch_file.launch.py -> /home/zakaria/ros2_ws/install/publisher_pkg/share/publisher_pkg
running install_egg_info
removing '/home/zakaria/ros2_ws/install/publisher_pkg/lib/python3.10/site-packages/publisher_pkg-0.0.0-py3.10.egg-info' (and everything under it)
Copying ../../build/publisher_pkg/publisher_pkg.egg-info to /home/zakaria/ros2_ws/install/publisher_pkg/lib/python3.10/site-packages/publisher_pkg-0.0.0-py3.10.egg-info
running install_scripts
Installing simple_publisher script to /home/zakaria/ros2_ws/install/publisher_pkg/lib/publisher_pkg
writing list of installed files to '/home/zakaria/ros2_ws/build/publisher_pkg/install.log'
