[12.689s] Invoking command in '/home/zakaria/ros2_ws/src/publisher_pkg': PYTHONPATH=/home/zakaria/ros2_ws/build/publisher_pkg/prefix_override:/home/zakaria/ros2_ws/install/publisher_pkg/lib/python3.10/site-packages:${PYTHONPATH} /usr/bin/python3 setup.py egg_info --egg-base ../../build/publisher_pkg build --build-base /home/zakaria/ros2_ws/build/publisher_pkg/build install --record /home/zakaria/ros2_ws/build/publisher_pkg/install.log --single-version-externally-managed
[13.891s] running egg_info
[13.893s] writing ../../build/publisher_pkg/publisher_pkg.egg-info/PKG-INFO
[13.893s] writing dependency_links to ../../build/publisher_pkg/publisher_pkg.egg-info/dependency_links.txt
[13.894s] writing entry points to ../../build/publisher_pkg/publisher_pkg.egg-info/entry_points.txt
[13.894s] writing requirements to ../../build/publisher_pkg/publisher_pkg.egg-info/requires.txt
[13.894s] writing top-level names to ../../build/publisher_pkg/publisher_pkg.egg-info/top_level.txt
[13.900s] reading manifest file '../../build/publisher_pkg/publisher_pkg.egg-info/SOURCES.txt'
[13.907s] writing manifest file '../../build/publisher_pkg/publisher_pkg.egg-info/SOURCES.txt'
[13.907s] running build
[13.907s] running build_py
[13.908s] running install
[13.909s] running install_lib
[13.914s] running install_data
[13.916s] running install_egg_info
[13.921s] removing '/home/zakaria/ros2_ws/install/publisher_pkg/lib/python3.10/site-packages/publisher_pkg-0.0.0-py3.10.egg-info' (and everything under it)
[13.925s] Copying ../../build/publisher_pkg/publisher_pkg.egg-info to /home/zakaria/ros2_ws/install/publisher_pkg/lib/python3.10/site-packages/publisher_pkg-0.0.0-py3.10.egg-info
[13.943s] running install_scripts
[14.030s] Installing simple_publisher script to /home/zakaria/ros2_ws/install/publisher_pkg/lib/publisher_pkg
[14.031s] writing list of installed files to '/home/zakaria/ros2_ws/build/publisher_pkg/install.log'
[14.140s] Invoked command in '/home/zakaria/ros2_ws/src/publisher_pkg' returned '0': PYTHONPATH=/home/zakaria/ros2_ws/build/publisher_pkg/prefix_override:/home/zakaria/ros2_ws/install/publisher_pkg/lib/python3.10/site-packages:${PYTHONPATH} /usr/bin/python3 setup.py egg_info --egg-base ../../build/publisher_pkg build --build-base /home/zakaria/ros2_ws/build/publisher_pkg/build install --record /home/zakaria/ros2_ws/build/publisher_pkg/install.log --single-version-externally-managed
