[4.683s] Invoking command in '/home/zakaria/ros2_ws/src/examples/rclpy/guard_conditions': PYTHONPATH=/home/zakaria/ros2_ws/build/examples_rclpy_guard_conditions/prefix_override:/home/zakaria/ros2_ws/install/examples_rclpy_guard_conditions/lib/python3.10/site-packages:${PYTHONPATH} /usr/bin/python3 setup.py egg_info --egg-base ../../../../build/examples_rclpy_guard_conditions build --build-base /home/zakaria/ros2_ws/build/examples_rclpy_guard_conditions/build install --record /home/zakaria/ros2_ws/build/examples_rclpy_guard_conditions/install.log --single-version-externally-managed
[5.221s] running egg_info
[5.222s] writing ../../../../build/examples_rclpy_guard_conditions/examples_rclpy_guard_conditions.egg-info/PKG-INFO
[5.222s] writing dependency_links to ../../../../build/examples_rclpy_guard_conditions/examples_rclpy_guard_conditions.egg-info/dependency_links.txt
[5.222s] writing entry points to ../../../../build/examples_rclpy_guard_conditions/examples_rclpy_guard_conditions.egg-info/entry_points.txt
[5.223s] writing requirements to ../../../../build/examples_rclpy_guard_conditions/examples_rclpy_guard_conditions.egg-info/requires.txt
[5.223s] writing top-level names to ../../../../build/examples_rclpy_guard_conditions/examples_rclpy_guard_conditions.egg-info/top_level.txt
[5.226s] reading manifest file '../../../../build/examples_rclpy_guard_conditions/examples_rclpy_guard_conditions.egg-info/SOURCES.txt'
[5.227s] writing manifest file '../../../../build/examples_rclpy_guard_conditions/examples_rclpy_guard_conditions.egg-info/SOURCES.txt'
[5.227s] running build
[5.228s] running build_py
[5.228s] running install
[5.229s] running install_lib
[5.232s] running install_data
[5.233s] running install_egg_info
[5.239s] removing '/home/zakaria/ros2_ws/install/examples_rclpy_guard_conditions/lib/python3.10/site-packages/examples_rclpy_guard_conditions-0.15.1-py3.10.egg-info' (and everything under it)
[5.244s] Copying ../../../../build/examples_rclpy_guard_conditions/examples_rclpy_guard_conditions.egg-info to /home/zakaria/ros2_ws/install/examples_rclpy_guard_conditions/lib/python3.10/site-packages/examples_rclpy_guard_conditions-0.15.1-py3.10.egg-info
[5.270s] running install_scripts
[5.350s] Installing trigger_guard_condition script to /home/zakaria/ros2_ws/install/examples_rclpy_guard_conditions/lib/examples_rclpy_guard_conditions
[5.352s] writing list of installed files to '/home/zakaria/ros2_ws/build/examples_rclpy_guard_conditions/install.log'
[5.435s] Invoked command in '/home/zakaria/ros2_ws/src/examples/rclpy/guard_conditions' returned '0': PYTHONPATH=/home/zakaria/ros2_ws/build/examples_rclpy_guard_conditions/prefix_override:/home/zakaria/ros2_ws/install/examples_rclpy_guard_conditions/lib/python3.10/site-packages:${PYTHONPATH} /usr/bin/python3 setup.py egg_info --egg-base ../../../../build/examples_rclpy_guard_conditions build --build-base /home/zakaria/ros2_ws/build/examples_rclpy_guard_conditions/build install --record /home/zakaria/ros2_ws/build/examples_rclpy_guard_conditions/install.log --single-version-externally-managed
