[3.895s] Invoking command in '/home/zakaria/ros2_ws/build/examples_rclpy_minimal_action_client': PYTHONPATH=/home/zakaria/ros2_ws/build/examples_rclpy_minimal_action_client/prefix_override:/home/zakaria/ros2_ws/install/examples_rclpy_minimal_action_client/lib/python3.10/site-packages:${PYTHONPATH} /usr/bin/python3 setup.py develop --editable --build-directory /home/zakaria/ros2_ws/build/examples_rclpy_minimal_action_client/build --no-deps install_data
[4.384s] running develop
[4.700s] running egg_info
[4.700s] creating examples_rclpy_minimal_action_client.egg-info
[4.700s] writing examples_rclpy_minimal_action_client.egg-info/PKG-INFO
[4.700s] writing dependency_links to examples_rclpy_minimal_action_client.egg-info/dependency_links.txt
[4.700s] writing entry points to examples_rclpy_minimal_action_client.egg-info/entry_points.txt
[4.701s] writing requirements to examples_rclpy_minimal_action_client.egg-info/requires.txt
[4.701s] writing top-level names to examples_rclpy_minimal_action_client.egg-info/top_level.txt
[4.701s] writing manifest file 'examples_rclpy_minimal_action_client.egg-info/SOURCES.txt'
[4.704s] reading manifest file 'examples_rclpy_minimal_action_client.egg-info/SOURCES.txt'
[4.705s] writing manifest file 'examples_rclpy_minimal_action_client.egg-info/SOURCES.txt'
[4.708s] running build_ext
[4.708s] Creating /home/zakaria/ros2_ws/install/examples_rclpy_minimal_action_client/lib/python3.10/site-packages/examples-rclpy-minimal-action-client.egg-link (link to .)
[4.709s] Installing client script to /home/zakaria/ros2_ws/install/examples_rclpy_minimal_action_client/lib/examples_rclpy_minimal_action_client
[4.710s] Installing client_asyncio script to /home/zakaria/ros2_ws/install/examples_rclpy_minimal_action_client/lib/examples_rclpy_minimal_action_client
[4.710s] Installing client_cancel script to /home/zakaria/ros2_ws/install/examples_rclpy_minimal_action_client/lib/examples_rclpy_minimal_action_client
[4.710s] Installing client_not_composable script to /home/zakaria/ros2_ws/install/examples_rclpy_minimal_action_client/lib/examples_rclpy_minimal_action_client
[4.710s] 
[4.710s] Installed /home/zakaria/ros2_ws/build/examples_rclpy_minimal_action_client
[4.710s] running install_data
[4.711s] creating /home/zakaria/ros2_ws/install/examples_rclpy_minimal_action_client/share/ament_index
[4.711s] creating /home/zakaria/ros2_ws/install/examples_rclpy_minimal_action_client/share/ament_index/resource_index
[4.711s] creating /home/zakaria/ros2_ws/install/examples_rclpy_minimal_action_client/share/ament_index/resource_index/packages
[4.711s] copying resource/examples_rclpy_minimal_action_client -> /home/zakaria/ros2_ws/install/examples_rclpy_minimal_action_client/share/ament_index/resource_index/packages
[4.711s] copying package.xml -> /home/zakaria/ros2_ws/install/examples_rclpy_minimal_action_client/share/examples_rclpy_minimal_action_client
[5.066s] Invoked command in '/home/zakaria/ros2_ws/build/examples_rclpy_minimal_action_client' returned '0': PYTHONPATH=/home/zakaria/ros2_ws/build/examples_rclpy_minimal_action_client/prefix_override:/home/zakaria/ros2_ws/install/examples_rclpy_minimal_action_client/lib/python3.10/site-packages:${PYTHONPATH} /usr/bin/python3 setup.py develop --editable --build-directory /home/zakaria/ros2_ws/build/examples_rclpy_minimal_action_client/build --no-deps install_data
