[4.185s] Invoking command in '/home/zakaria/ros2_ws/src/examples/rclpy/guard_conditions': PYTHONPATH=/home/zakaria/ros2_ws/build/examples_rclpy_guard_conditions/prefix_override:/home/zakaria/ros2_ws/install/examples_rclpy_guard_conditions/lib/python3.10/site-packages:${PYTHONPATH} /usr/bin/python3 setup.py egg_info --egg-base ../../../../build/examples_rclpy_guard_conditions build --build-base /home/zakaria/ros2_ws/build/examples_rclpy_guard_conditions/build install --record /home/zakaria/ros2_ws/build/examples_rclpy_guard_conditions/install.log --single-version-externally-managed
[4.778s] running egg_info
[4.780s] writing ../../../../build/examples_rclpy_guard_conditions/examples_rclpy_guard_conditions.egg-info/PKG-INFO
[4.783s] writing dependency_links to ../../../../build/examples_rclpy_guard_conditions/examples_rclpy_guard_conditions.egg-info/dependency_links.txt
[4.786s] writing entry points to ../../../../build/examples_rclpy_guard_conditions/examples_rclpy_guard_conditions.egg-info/entry_points.txt
[4.787s] writing requirements to ../../../../build/examples_rclpy_guard_conditions/examples_rclpy_guard_conditions.egg-info/requires.txt
[4.787s] writing top-level names to ../../../../build/examples_rclpy_guard_conditions/examples_rclpy_guard_conditions.egg-info/top_level.txt
[4.790s] reading manifest file '../../../../build/examples_rclpy_guard_conditions/examples_rclpy_guard_conditions.egg-info/SOURCES.txt'
[4.792s] writing manifest file '../../../../build/examples_rclpy_guard_conditions/examples_rclpy_guard_conditions.egg-info/SOURCES.txt'
[4.793s] running build
[4.793s] running build_py
[4.796s] running install
[4.797s] running install_lib
[4.803s] running install_data
[4.810s] running install_egg_info
[4.817s] removing '/home/zakaria/ros2_ws/install/examples_rclpy_guard_conditions/lib/python3.10/site-packages/examples_rclpy_guard_conditions-0.15.1-py3.10.egg-info' (and everything under it)
[4.819s] Copying ../../../../build/examples_rclpy_guard_conditions/examples_rclpy_guard_conditions.egg-info to /home/zakaria/ros2_ws/install/examples_rclpy_guard_conditions/lib/python3.10/site-packages/examples_rclpy_guard_conditions-0.15.1-py3.10.egg-info
[4.822s] running install_scripts
[4.860s] Installing trigger_guard_condition script to /home/zakaria/ros2_ws/install/examples_rclpy_guard_conditions/lib/examples_rclpy_guard_conditions
[4.861s] writing list of installed files to '/home/zakaria/ros2_ws/build/examples_rclpy_guard_conditions/install.log'
[5.192s] Invoked command in '/home/zakaria/ros2_ws/src/examples/rclpy/guard_conditions' returned '0': PYTHONPATH=/home/zakaria/ros2_ws/build/examples_rclpy_guard_conditions/prefix_override:/home/zakaria/ros2_ws/install/examples_rclpy_guard_conditions/lib/python3.10/site-packages:${PYTHONPATH} /usr/bin/python3 setup.py egg_info --egg-base ../../../../build/examples_rclpy_guard_conditions build --build-base /home/zakaria/ros2_ws/build/examples_rclpy_guard_conditions/build install --record /home/zakaria/ros2_ws/build/examples_rclpy_guard_conditions/install.log --single-version-externally-managed
