[3.869s] Invoking command in '/home/zakaria/ros2_ws/build/examples_rclpy_minimal_action_client': PYTHONPATH=/home/zakaria/ros2_ws/build/examples_rclpy_minimal_action_client/prefix_override:/home/zakaria/ros2_ws/install/examples_rclpy_minimal_action_client/lib/python3.10/site-packages:${PYTHONPATH} /usr/bin/python3 setup.py develop --uninstall --editable --build-directory /home/zakaria/ros2_ws/build/examples_rclpy_minimal_action_client/build
[4.402s] running develop
[4.899s] Removing /home/zakaria/ros2_ws/install/examples_rclpy_minimal_action_client/lib/python3.10/site-packages/examples-rclpy-minimal-action-client.egg-link (link to .)
[4.954s] Invoked command in '/home/zakaria/ros2_ws/build/examples_rclpy_minimal_action_client' returned '0': PYTHONPATH=/home/zakaria/ros2_ws/build/examples_rclpy_minimal_action_client/prefix_override:/home/zakaria/ros2_ws/install/examples_rclpy_minimal_action_client/lib/python3.10/site-packages:${PYTHONPATH} /usr/bin/python3 setup.py develop --uninstall --editable --build-directory /home/zakaria/ros2_ws/build/examples_rclpy_minimal_action_client/build
[4.955s] Invoking command in '/home/zakaria/ros2_ws/src/examples/rclpy/actions/minimal_action_client': PYTHONPATH=/home/zakaria/ros2_ws/build/examples_rclpy_minimal_action_client/prefix_override:/home/zakaria/ros2_ws/install/examples_rclpy_minimal_action_client/lib/python3.10/site-packages:${PYTHONPATH} /usr/bin/python3 setup.py egg_info --egg-base ../../../../../build/examples_rclpy_minimal_action_client build --build-base /home/zakaria/ros2_ws/build/examples_rclpy_minimal_action_client/build install --record /home/zakaria/ros2_ws/build/examples_rclpy_minimal_action_client/install.log --single-version-externally-managed
[5.465s] running egg_info
[5.467s] writing ../../../../../build/examples_rclpy_minimal_action_client/examples_rclpy_minimal_action_client.egg-info/PKG-INFO
[5.467s] writing dependency_links to ../../../../../build/examples_rclpy_minimal_action_client/examples_rclpy_minimal_action_client.egg-info/dependency_links.txt
[5.468s] writing entry points to ../../../../../build/examples_rclpy_minimal_action_client/examples_rclpy_minimal_action_client.egg-info/entry_points.txt
[5.468s] writing requirements to ../../../../../build/examples_rclpy_minimal_action_client/examples_rclpy_minimal_action_client.egg-info/requires.txt
[5.469s] writing top-level names to ../../../../../build/examples_rclpy_minimal_action_client/examples_rclpy_minimal_action_client.egg-info/top_level.txt
[5.472s] reading manifest file '../../../../../build/examples_rclpy_minimal_action_client/examples_rclpy_minimal_action_client.egg-info/SOURCES.txt'
[5.474s] writing manifest file '../../../../../build/examples_rclpy_minimal_action_client/examples_rclpy_minimal_action_client.egg-info/SOURCES.txt'
[5.474s] running build
[5.474s] running build_py
[5.475s] creating /home/zakaria/ros2_ws/build/examples_rclpy_minimal_action_client/build
[5.475s] creating /home/zakaria/ros2_ws/build/examples_rclpy_minimal_action_client/build/lib
[5.476s] creating /home/zakaria/ros2_ws/build/examples_rclpy_minimal_action_client/build/lib/examples_rclpy_minimal_action_client
[5.476s] copying examples_rclpy_minimal_action_client/client_cancel.py -> /home/zakaria/ros2_ws/build/examples_rclpy_minimal_action_client/build/lib/examples_rclpy_minimal_action_client
[5.476s] copying examples_rclpy_minimal_action_client/client.py -> /home/zakaria/ros2_ws/build/examples_rclpy_minimal_action_client/build/lib/examples_rclpy_minimal_action_client
[5.477s] copying examples_rclpy_minimal_action_client/__init__.py -> /home/zakaria/ros2_ws/build/examples_rclpy_minimal_action_client/build/lib/examples_rclpy_minimal_action_client
[5.477s] copying examples_rclpy_minimal_action_client/client_asyncio.py -> /home/zakaria/ros2_ws/build/examples_rclpy_minimal_action_client/build/lib/examples_rclpy_minimal_action_client
[5.477s] copying examples_rclpy_minimal_action_client/client_not_composable.py -> /home/zakaria/ros2_ws/build/examples_rclpy_minimal_action_client/build/lib/examples_rclpy_minimal_action_client
[5.478s] running install
[5.479s] running install_lib
[5.480s] creating /home/zakaria/ros2_ws/install/examples_rclpy_minimal_action_client/lib/python3.10/site-packages/examples_rclpy_minimal_action_client
[5.481s] copying /home/zakaria/ros2_ws/build/examples_rclpy_minimal_action_client/build/lib/examples_rclpy_minimal_action_client/client_cancel.py -> /home/zakaria/ros2_ws/install/examples_rclpy_minimal_action_client/lib/python3.10/site-packages/examples_rclpy_minimal_action_client
[5.481s] copying /home/zakaria/ros2_ws/build/examples_rclpy_minimal_action_client/build/lib/examples_rclpy_minimal_action_client/client.py -> /home/zakaria/ros2_ws/install/examples_rclpy_minimal_action_client/lib/python3.10/site-packages/examples_rclpy_minimal_action_client
[5.482s] copying /home/zakaria/ros2_ws/build/examples_rclpy_minimal_action_client/build/lib/examples_rclpy_minimal_action_client/__init__.py -> /home/zakaria/ros2_ws/install/examples_rclpy_minimal_action_client/lib/python3.10/site-packages/examples_rclpy_minimal_action_client
[5.482s] copying /home/zakaria/ros2_ws/build/examples_rclpy_minimal_action_client/build/lib/examples_rclpy_minimal_action_client/client_asyncio.py -> /home/zakaria/ros2_ws/install/examples_rclpy_minimal_action_client/lib/python3.10/site-packages/examples_rclpy_minimal_action_client
[5.482s] copying /home/zakaria/ros2_ws/build/examples_rclpy_minimal_action_client/build/lib/examples_rclpy_minimal_action_client/client_not_composable.py -> /home/zakaria/ros2_ws/install/examples_rclpy_minimal_action_client/lib/python3.10/site-packages/examples_rclpy_minimal_action_client
[5.483s] byte-compiling /home/zakaria/ros2_ws/install/examples_rclpy_minimal_action_client/lib/python3.10/site-packages/examples_rclpy_minimal_action_client/client_cancel.py to client_cancel.cpython-310.pyc
[5.485s] byte-compiling /home/zakaria/ros2_ws/install/examples_rclpy_minimal_action_client/lib/python3.10/site-packages/examples_rclpy_minimal_action_client/client.py to client.cpython-310.pyc
[5.486s] byte-compiling /home/zakaria/ros2_ws/install/examples_rclpy_minimal_action_client/lib/python3.10/site-packages/examples_rclpy_minimal_action_client/__init__.py to __init__.cpython-310.pyc
[5.487s] byte-compiling /home/zakaria/ros2_ws/install/examples_rclpy_minimal_action_client/lib/python3.10/site-packages/examples_rclpy_minimal_action_client/client_asyncio.py to client_asyncio.cpython-310.pyc
[5.488s] byte-compiling /home/zakaria/ros2_ws/install/examples_rclpy_minimal_action_client/lib/python3.10/site-packages/examples_rclpy_minimal_action_client/client_not_composable.py to client_not_composable.cpython-310.pyc
[5.489s] running install_data
[5.490s] running install_egg_info
[5.493s] Copying ../../../../../build/examples_rclpy_minimal_action_client/examples_rclpy_minimal_action_client.egg-info to /home/zakaria/ros2_ws/install/examples_rclpy_minimal_action_client/lib/python3.10/site-packages/examples_rclpy_minimal_action_client-0.15.1-py3.10.egg-info
[5.495s] running install_scripts
[5.537s] Installing client script to /home/zakaria/ros2_ws/install/examples_rclpy_minimal_action_client/lib/examples_rclpy_minimal_action_client
[5.537s] Installing client_asyncio script to /home/zakaria/ros2_ws/install/examples_rclpy_minimal_action_client/lib/examples_rclpy_minimal_action_client
[5.537s] Installing client_cancel script to /home/zakaria/ros2_ws/install/examples_rclpy_minimal_action_client/lib/examples_rclpy_minimal_action_client
[5.537s] Installing client_not_composable script to /home/zakaria/ros2_ws/install/examples_rclpy_minimal_action_client/lib/examples_rclpy_minimal_action_client
[5.538s] writing list of installed files to '/home/zakaria/ros2_ws/build/examples_rclpy_minimal_action_client/install.log'
[5.760s] Invoked command in '/home/zakaria/ros2_ws/src/examples/rclpy/actions/minimal_action_client' returned '0': PYTHONPATH=/home/zakaria/ros2_ws/build/examples_rclpy_minimal_action_client/prefix_override:/home/zakaria/ros2_ws/install/examples_rclpy_minimal_action_client/lib/python3.10/site-packages:${PYTHONPATH} /usr/bin/python3 setup.py egg_info --egg-base ../../../../../build/examples_rclpy_minimal_action_client build --build-base /home/zakaria/ros2_ws/build/examples_rclpy_minimal_action_client/build install --record /home/zakaria/ros2_ws/build/examples_rclpy_minimal_action_client/install.log --single-version-externally-managed
