[4.291s] Invoking command in '/home/zakaria/ros2_ws/src/examples/rclpy/actions/minimal_action_server': PYTHONPATH=/home/zakaria/ros2_ws/build/examples_rclpy_minimal_action_server/prefix_override:/home/zakaria/ros2_ws/install/examples_rclpy_minimal_action_server/lib/python3.10/site-packages:${PYTHONPATH} /usr/bin/python3 setup.py egg_info --egg-base ../../../../../build/examples_rclpy_minimal_action_server build --build-base /home/zakaria/ros2_ws/build/examples_rclpy_minimal_action_server/build install --record /home/zakaria/ros2_ws/build/examples_rclpy_minimal_action_server/install.log --single-version-externally-managed
[4.953s] running egg_info
[4.954s] writing ../../../../../build/examples_rclpy_minimal_action_server/examples_rclpy_minimal_action_server.egg-info/PKG-INFO
[4.955s] writing dependency_links to ../../../../../build/examples_rclpy_minimal_action_server/examples_rclpy_minimal_action_server.egg-info/dependency_links.txt
[4.955s] writing entry points to ../../../../../build/examples_rclpy_minimal_action_server/examples_rclpy_minimal_action_server.egg-info/entry_points.txt
[4.955s] writing requirements to ../../../../../build/examples_rclpy_minimal_action_server/examples_rclpy_minimal_action_server.egg-info/requires.txt
[4.955s] writing top-level names to ../../../../../build/examples_rclpy_minimal_action_server/examples_rclpy_minimal_action_server.egg-info/top_level.txt
[4.959s] reading manifest file '../../../../../build/examples_rclpy_minimal_action_server/examples_rclpy_minimal_action_server.egg-info/SOURCES.txt'
[4.962s] writing manifest file '../../../../../build/examples_rclpy_minimal_action_server/examples_rclpy_minimal_action_server.egg-info/SOURCES.txt'
[4.962s] running build
[4.962s] running build_py
[4.963s] running install
[4.964s] running install_lib
[4.967s] running install_data
[4.969s] running install_egg_info
[4.972s] removing '/home/zakaria/ros2_ws/install/examples_rclpy_minimal_action_server/lib/python3.10/site-packages/examples_rclpy_minimal_action_server-0.15.1-py3.10.egg-info' (and everything under it)
[4.984s] Copying ../../../../../build/examples_rclpy_minimal_action_server/examples_rclpy_minimal_action_server.egg-info to /home/zakaria/ros2_ws/install/examples_rclpy_minimal_action_server/lib/python3.10/site-packages/examples_rclpy_minimal_action_server-0.15.1-py3.10.egg-info
[4.989s] running install_scripts
[5.023s] Installing server script to /home/zakaria/ros2_ws/install/examples_rclpy_minimal_action_server/lib/examples_rclpy_minimal_action_server
[5.023s] Installing server_defer script to /home/zakaria/ros2_ws/install/examples_rclpy_minimal_action_server/lib/examples_rclpy_minimal_action_server
[5.023s] Installing server_not_composable script to /home/zakaria/ros2_ws/install/examples_rclpy_minimal_action_server/lib/examples_rclpy_minimal_action_server
[5.023s] Installing server_queue_goals script to /home/zakaria/ros2_ws/install/examples_rclpy_minimal_action_server/lib/examples_rclpy_minimal_action_server
[5.023s] Installing server_single_goal script to /home/zakaria/ros2_ws/install/examples_rclpy_minimal_action_server/lib/examples_rclpy_minimal_action_server
[5.024s] writing list of installed files to '/home/zakaria/ros2_ws/build/examples_rclpy_minimal_action_server/install.log'
[5.371s] Invoked command in '/home/zakaria/ros2_ws/src/examples/rclpy/actions/minimal_action_server' returned '0': PYTHONPATH=/home/zakaria/ros2_ws/build/examples_rclpy_minimal_action_server/prefix_override:/home/zakaria/ros2_ws/install/examples_rclpy_minimal_action_server/lib/python3.10/site-packages:${PYTHONPATH} /usr/bin/python3 setup.py egg_info --egg-base ../../../../../build/examples_rclpy_minimal_action_server build --build-base /home/zakaria/ros2_ws/build/examples_rclpy_minimal_action_server/build install --record /home/zakaria/ros2_ws/build/examples_rclpy_minimal_action_server/install.log --single-version-externally-managed
