[4.131s] Invoking command in '/home/zakaria/ros2_ws/build/examples_rclpy_executors': PYTHONPATH=/home/zakaria/ros2_ws/build/examples_rclpy_executors/prefix_override:/home/zakaria/ros2_ws/install/examples_rclpy_executors/lib/python3.10/site-packages:${PYTHONPATH} /usr/bin/python3 setup.py develop --uninstall --editable --build-directory /home/zakaria/ros2_ws/build/examples_rclpy_executors/build
[4.636s] running develop
[5.112s] Removing /home/zakaria/ros2_ws/install/examples_rclpy_executors/lib/python3.10/site-packages/examples-rclpy-executors.egg-link (link to .)
[5.190s] Invoked command in '/home/zakaria/ros2_ws/build/examples_rclpy_executors' returned '0': PYTHONPATH=/home/zakaria/ros2_ws/build/examples_rclpy_executors/prefix_override:/home/zakaria/ros2_ws/install/examples_rclpy_executors/lib/python3.10/site-packages:${PYTHONPATH} /usr/bin/python3 setup.py develop --uninstall --editable --build-directory /home/zakaria/ros2_ws/build/examples_rclpy_executors/build
[5.191s] Invoking command in '/home/zakaria/ros2_ws/src/examples/rclpy/executors': PYTHONPATH=/home/zakaria/ros2_ws/build/examples_rclpy_executors/prefix_override:/home/zakaria/ros2_ws/install/examples_rclpy_executors/lib/python3.10/site-packages:${PYTHONPATH} /usr/bin/python3 setup.py egg_info --egg-base ../../../../build/examples_rclpy_executors build --build-base /home/zakaria/ros2_ws/build/examples_rclpy_executors/build install --record /home/zakaria/ros2_ws/build/examples_rclpy_executors/install.log --single-version-externally-managed
[5.810s] running egg_info
[5.811s] writing ../../../../build/examples_rclpy_executors/examples_rclpy_executors.egg-info/PKG-INFO
[5.811s] writing dependency_links to ../../../../build/examples_rclpy_executors/examples_rclpy_executors.egg-info/dependency_links.txt
[5.812s] writing entry points to ../../../../build/examples_rclpy_executors/examples_rclpy_executors.egg-info/entry_points.txt
[5.812s] writing requirements to ../../../../build/examples_rclpy_executors/examples_rclpy_executors.egg-info/requires.txt
[5.813s] writing top-level names to ../../../../build/examples_rclpy_executors/examples_rclpy_executors.egg-info/top_level.txt
[5.815s] reading manifest file '../../../../build/examples_rclpy_executors/examples_rclpy_executors.egg-info/SOURCES.txt'
[5.816s] writing manifest file '../../../../build/examples_rclpy_executors/examples_rclpy_executors.egg-info/SOURCES.txt'
[5.816s] running build
[5.816s] running build_py
[5.817s] creating /home/zakaria/ros2_ws/build/examples_rclpy_executors/build
[5.817s] creating /home/zakaria/ros2_ws/build/examples_rclpy_executors/build/lib
[5.817s] creating /home/zakaria/ros2_ws/build/examples_rclpy_executors/build/lib/examples_rclpy_executors
[5.818s] copying examples_rclpy_executors/composed.py -> /home/zakaria/ros2_ws/build/examples_rclpy_executors/build/lib/examples_rclpy_executors
[5.818s] copying examples_rclpy_executors/talker.py -> /home/zakaria/ros2_ws/build/examples_rclpy_executors/build/lib/examples_rclpy_executors
[5.818s] copying examples_rclpy_executors/callback_group.py -> /home/zakaria/ros2_ws/build/examples_rclpy_executors/build/lib/examples_rclpy_executors
[5.819s] copying examples_rclpy_executors/__init__.py -> /home/zakaria/ros2_ws/build/examples_rclpy_executors/build/lib/examples_rclpy_executors
[5.819s] copying examples_rclpy_executors/custom_executor.py -> /home/zakaria/ros2_ws/build/examples_rclpy_executors/build/lib/examples_rclpy_executors
[5.819s] copying examples_rclpy_executors/custom_callback_group.py -> /home/zakaria/ros2_ws/build/examples_rclpy_executors/build/lib/examples_rclpy_executors
[5.819s] copying examples_rclpy_executors/listener.py -> /home/zakaria/ros2_ws/build/examples_rclpy_executors/build/lib/examples_rclpy_executors
[5.820s] running install
[5.820s] running install_lib
[5.821s] creating /home/zakaria/ros2_ws/install/examples_rclpy_executors/lib/python3.10/site-packages/examples_rclpy_executors
[5.821s] copying /home/zakaria/ros2_ws/build/examples_rclpy_executors/build/lib/examples_rclpy_executors/composed.py -> /home/zakaria/ros2_ws/install/examples_rclpy_executors/lib/python3.10/site-packages/examples_rclpy_executors
[5.822s] copying /home/zakaria/ros2_ws/build/examples_rclpy_executors/build/lib/examples_rclpy_executors/talker.py -> /home/zakaria/ros2_ws/install/examples_rclpy_executors/lib/python3.10/site-packages/examples_rclpy_executors
[5.822s] copying /home/zakaria/ros2_ws/build/examples_rclpy_executors/build/lib/examples_rclpy_executors/callback_group.py -> /home/zakaria/ros2_ws/install/examples_rclpy_executors/lib/python3.10/site-packages/examples_rclpy_executors
[5.822s] copying /home/zakaria/ros2_ws/build/examples_rclpy_executors/build/lib/examples_rclpy_executors/__init__.py -> /home/zakaria/ros2_ws/install/examples_rclpy_executors/lib/python3.10/site-packages/examples_rclpy_executors
[5.822s] copying /home/zakaria/ros2_ws/build/examples_rclpy_executors/build/lib/examples_rclpy_executors/custom_executor.py -> /home/zakaria/ros2_ws/install/examples_rclpy_executors/lib/python3.10/site-packages/examples_rclpy_executors
[5.822s] copying /home/zakaria/ros2_ws/build/examples_rclpy_executors/build/lib/examples_rclpy_executors/custom_callback_group.py -> /home/zakaria/ros2_ws/install/examples_rclpy_executors/lib/python3.10/site-packages/examples_rclpy_executors
[5.822s] copying /home/zakaria/ros2_ws/build/examples_rclpy_executors/build/lib/examples_rclpy_executors/listener.py -> /home/zakaria/ros2_ws/install/examples_rclpy_executors/lib/python3.10/site-packages/examples_rclpy_executors
[5.823s] byte-compiling /home/zakaria/ros2_ws/install/examples_rclpy_executors/lib/python3.10/site-packages/examples_rclpy_executors/composed.py to composed.cpython-310.pyc
[5.823s] byte-compiling /home/zakaria/ros2_ws/install/examples_rclpy_executors/lib/python3.10/site-packages/examples_rclpy_executors/talker.py to talker.cpython-310.pyc
[5.823s] byte-compiling /home/zakaria/ros2_ws/install/examples_rclpy_executors/lib/python3.10/site-packages/examples_rclpy_executors/callback_group.py to callback_group.cpython-310.pyc
[5.824s] byte-compiling /home/zakaria/ros2_ws/install/examples_rclpy_executors/lib/python3.10/site-packages/examples_rclpy_executors/__init__.py to __init__.cpython-310.pyc
[5.824s] byte-compiling /home/zakaria/ros2_ws/install/examples_rclpy_executors/lib/python3.10/site-packages/examples_rclpy_executors/custom_executor.py to custom_executor.cpython-310.pyc
[5.824s] byte-compiling /home/zakaria/ros2_ws/install/examples_rclpy_executors/lib/python3.10/site-packages/examples_rclpy_executors/custom_callback_group.py to custom_callback_group.cpython-310.pyc
[5.825s] byte-compiling /home/zakaria/ros2_ws/install/examples_rclpy_executors/lib/python3.10/site-packages/examples_rclpy_executors/listener.py to listener.cpython-310.pyc
[5.826s] running install_data
[5.827s] running install_egg_info
[5.830s] Copying ../../../../build/examples_rclpy_executors/examples_rclpy_executors.egg-info to /home/zakaria/ros2_ws/install/examples_rclpy_executors/lib/python3.10/site-packages/examples_rclpy_executors-0.15.1-py3.10.egg-info
[5.831s] running install_scripts
[5.863s] Installing callback_group script to /home/zakaria/ros2_ws/install/examples_rclpy_executors/lib/examples_rclpy_executors
[5.864s] Installing composed script to /home/zakaria/ros2_ws/install/examples_rclpy_executors/lib/examples_rclpy_executors
[5.864s] Installing custom_callback_group script to /home/zakaria/ros2_ws/install/examples_rclpy_executors/lib/examples_rclpy_executors
[5.864s] Installing custom_executor script to /home/zakaria/ros2_ws/install/examples_rclpy_executors/lib/examples_rclpy_executors
[5.864s] Installing listener script to /home/zakaria/ros2_ws/install/examples_rclpy_executors/lib/examples_rclpy_executors
[5.865s] Installing talker script to /home/zakaria/ros2_ws/install/examples_rclpy_executors/lib/examples_rclpy_executors
[5.865s] writing list of installed files to '/home/zakaria/ros2_ws/build/examples_rclpy_executors/install.log'
[6.271s] Invoked command in '/home/zakaria/ros2_ws/src/examples/rclpy/executors' returned '0': PYTHONPATH=/home/zakaria/ros2_ws/build/examples_rclpy_executors/prefix_override:/home/zakaria/ros2_ws/install/examples_rclpy_executors/lib/python3.10/site-packages:${PYTHONPATH} /usr/bin/python3 setup.py egg_info --egg-base ../../../../build/examples_rclpy_executors build --build-base /home/zakaria/ros2_ws/build/examples_rclpy_executors/build install --record /home/zakaria/ros2_ws/build/examples_rclpy_executors/install.log --single-version-externally-managed
