[1.016s] Invoking command in '/home/zakaria/ros2_ws/src/subpub_pkg': PYTHONPATH=/home/zakaria/ros2_ws/build/subpub_pkg/prefix_override:/home/zakaria/ros2_ws/install/subpub_pkg/lib/python3.10/site-packages:${PYTHONPATH} /usr/bin/python3 setup.py egg_info --egg-base ../../build/subpub_pkg build --build-base /home/zakaria/ros2_ws/build/subpub_pkg/build install --record /home/zakaria/ros2_ws/build/subpub_pkg/install.log --single-version-externally-managed
[1.302s] running egg_info
[1.303s] creating ../../build/subpub_pkg/subpub_pkg.egg-info
[1.303s] writing ../../build/subpub_pkg/subpub_pkg.egg-info/PKG-INFO
[1.303s] writing dependency_links to ../../build/subpub_pkg/subpub_pkg.egg-info/dependency_links.txt
[1.303s] writing entry points to ../../build/subpub_pkg/subpub_pkg.egg-info/entry_points.txt
[1.303s] writing requirements to ../../build/subpub_pkg/subpub_pkg.egg-info/requires.txt
[1.304s] writing top-level names to ../../build/subpub_pkg/subpub_pkg.egg-info/top_level.txt
[1.304s] writing manifest file '../../build/subpub_pkg/subpub_pkg.egg-info/SOURCES.txt'
[1.305s] reading manifest file '../../build/subpub_pkg/subpub_pkg.egg-info/SOURCES.txt'
[1.306s] writing manifest file '../../build/subpub_pkg/subpub_pkg.egg-info/SOURCES.txt'
[1.306s] running build
[1.306s] running build_py
[1.306s] creating /home/zakaria/ros2_ws/build/subpub_pkg/build
[1.306s] creating /home/zakaria/ros2_ws/build/subpub_pkg/build/lib
[1.306s] creating /home/zakaria/ros2_ws/build/subpub_pkg/build/lib/subpub_pkg
[1.306s] copying subpub_pkg/__init__.py -> /home/zakaria/ros2_ws/build/subpub_pkg/build/lib/subpub_pkg
[1.306s] copying subpub_pkg/subpub.py -> /home/zakaria/ros2_ws/build/subpub_pkg/build/lib/subpub_pkg
[1.306s] running install
[1.307s] running install_lib
[1.307s] creating /home/zakaria/ros2_ws/install/subpub_pkg/lib/python3.10/site-packages/subpub_pkg
[1.307s] copying /home/zakaria/ros2_ws/build/subpub_pkg/build/lib/subpub_pkg/__init__.py -> /home/zakaria/ros2_ws/install/subpub_pkg/lib/python3.10/site-packages/subpub_pkg
[1.307s] copying /home/zakaria/ros2_ws/build/subpub_pkg/build/lib/subpub_pkg/subpub.py -> /home/zakaria/ros2_ws/install/subpub_pkg/lib/python3.10/site-packages/subpub_pkg
[1.308s] byte-compiling /home/zakaria/ros2_ws/install/subpub_pkg/lib/python3.10/site-packages/subpub_pkg/__init__.py to __init__.cpython-310.pyc
[1.308s] byte-compiling /home/zakaria/ros2_ws/install/subpub_pkg/lib/python3.10/site-packages/subpub_pkg/subpub.py to subpub.cpython-310.pyc
[1.308s] running install_data
[1.309s] creating /home/zakaria/ros2_ws/install/subpub_pkg/share/ament_index
[1.309s] creating /home/zakaria/ros2_ws/install/subpub_pkg/share/ament_index/resource_index
[1.309s] creating /home/zakaria/ros2_ws/install/subpub_pkg/share/ament_index/resource_index/packages
[1.310s] copying resource/subpub_pkg -> /home/zakaria/ros2_ws/install/subpub_pkg/share/ament_index/resource_index/packages
[1.310s] copying package.xml -> /home/zakaria/ros2_ws/install/subpub_pkg/share/subpub_pkg
[1.310s] copying launch/subpub_pkg_launch_file.launch.py -> /home/zakaria/ros2_ws/install/subpub_pkg/share/subpub_pkg
[1.310s] running install_egg_info
[1.311s] Copying ../../build/subpub_pkg/subpub_pkg.egg-info to /home/zakaria/ros2_ws/install/subpub_pkg/lib/python3.10/site-packages/subpub_pkg-0.0.0-py3.10.egg-info
[1.312s] running install_scripts
[1.335s] Installing subpub script to /home/zakaria/ros2_ws/install/subpub_pkg/lib/subpub_pkg
[1.335s] writing list of installed files to '/home/zakaria/ros2_ws/build/subpub_pkg/install.log'
[1.366s] Invoked command in '/home/zakaria/ros2_ws/src/subpub_pkg' returned '0': PYTHONPATH=/home/zakaria/ros2_ws/build/subpub_pkg/prefix_override:/home/zakaria/ros2_ws/install/subpub_pkg/lib/python3.10/site-packages:${PYTHONPATH} /usr/bin/python3 setup.py egg_info --egg-base ../../build/subpub_pkg build --build-base /home/zakaria/ros2_ws/build/subpub_pkg/build install --record /home/zakaria/ros2_ws/build/subpub_pkg/install.log --single-version-externally-managed
