[3.935s] Invoking command in '/home/zakaria/ros2_ws/src/examples/rclpy/topics/minimal_publisher': PYTHONPATH=/home/zakaria/ros2_ws/build/examples_rclpy_minimal_publisher/prefix_override:/home/zakaria/ros2_ws/install/examples_rclpy_minimal_publisher/lib/python3.10/site-packages:${PYTHONPATH} /usr/bin/python3 setup.py egg_info --egg-base ../../../../../build/examples_rclpy_minimal_publisher build --build-base /home/zakaria/ros2_ws/build/examples_rclpy_minimal_publisher/build install --record /home/zakaria/ros2_ws/build/examples_rclpy_minimal_publisher/install.log --single-version-externally-managed
[4.574s] running egg_info
[4.575s] writing ../../../../../build/examples_rclpy_minimal_publisher/examples_rclpy_minimal_publisher.egg-info/PKG-INFO
[4.576s] writing dependency_links to ../../../../../build/examples_rclpy_minimal_publisher/examples_rclpy_minimal_publisher.egg-info/dependency_links.txt
[4.576s] writing entry points to ../../../../../build/examples_rclpy_minimal_publisher/examples_rclpy_minimal_publisher.egg-info/entry_points.txt
[4.576s] writing requirements to ../../../../../build/examples_rclpy_minimal_publisher/examples_rclpy_minimal_publisher.egg-info/requires.txt
[4.576s] writing top-level names to ../../../../../build/examples_rclpy_minimal_publisher/examples_rclpy_minimal_publisher.egg-info/top_level.txt
[4.579s] reading manifest file '../../../../../build/examples_rclpy_minimal_publisher/examples_rclpy_minimal_publisher.egg-info/SOURCES.txt'
[4.581s] writing manifest file '../../../../../build/examples_rclpy_minimal_publisher/examples_rclpy_minimal_publisher.egg-info/SOURCES.txt'
[4.581s] running build
[4.581s] running build_py
[4.582s] running install
[4.582s] running install_lib
[4.584s] running install_data
[4.585s] running install_egg_info
[4.588s] removing '/home/zakaria/ros2_ws/install/examples_rclpy_minimal_publisher/lib/python3.10/site-packages/examples_rclpy_minimal_publisher-0.15.1-py3.10.egg-info' (and everything under it)
[4.592s] Copying ../../../../../build/examples_rclpy_minimal_publisher/examples_rclpy_minimal_publisher.egg-info to /home/zakaria/ros2_ws/install/examples_rclpy_minimal_publisher/lib/python3.10/site-packages/examples_rclpy_minimal_publisher-0.15.1-py3.10.egg-info
[4.593s] running install_scripts
[4.632s] Installing publisher_local_function script to /home/zakaria/ros2_ws/install/examples_rclpy_minimal_publisher/lib/examples_rclpy_minimal_publisher
[4.632s] Installing publisher_member_function script to /home/zakaria/ros2_ws/install/examples_rclpy_minimal_publisher/lib/examples_rclpy_minimal_publisher
[4.633s] Installing publisher_old_school script to /home/zakaria/ros2_ws/install/examples_rclpy_minimal_publisher/lib/examples_rclpy_minimal_publisher
[4.634s] writing list of installed files to '/home/zakaria/ros2_ws/build/examples_rclpy_minimal_publisher/install.log'
[4.914s] Invoked command in '/home/zakaria/ros2_ws/src/examples/rclpy/topics/minimal_publisher' returned '0': PYTHONPATH=/home/zakaria/ros2_ws/build/examples_rclpy_minimal_publisher/prefix_override:/home/zakaria/ros2_ws/install/examples_rclpy_minimal_publisher/lib/python3.10/site-packages:${PYTHONPATH} /usr/bin/python3 setup.py egg_info --egg-base ../../../../../build/examples_rclpy_minimal_publisher build --build-base /home/zakaria/ros2_ws/build/examples_rclpy_minimal_publisher/build install --record /home/zakaria/ros2_ws/build/examples_rclpy_minimal_publisher/install.log --single-version-externally-managed
