[4.275s] Invoking command in '/home/zakaria/ros2_ws/src/examples/rclpy/services/minimal_client': PYTHONPATH=/home/zakaria/ros2_ws/build/examples_rclpy_minimal_client/prefix_override:/home/zakaria/ros2_ws/install/examples_rclpy_minimal_client/lib/python3.10/site-packages:${PYTHONPATH} /usr/bin/python3 setup.py egg_info --egg-base ../../../../../build/examples_rclpy_minimal_client build --build-base /home/zakaria/ros2_ws/build/examples_rclpy_minimal_client/build install --record /home/zakaria/ros2_ws/build/examples_rclpy_minimal_client/install.log --single-version-externally-managed
[4.900s] running egg_info
[4.901s] writing ../../../../../build/examples_rclpy_minimal_client/examples_rclpy_minimal_client.egg-info/PKG-INFO
[4.901s] writing dependency_links to ../../../../../build/examples_rclpy_minimal_client/examples_rclpy_minimal_client.egg-info/dependency_links.txt
[4.901s] writing entry points to ../../../../../build/examples_rclpy_minimal_client/examples_rclpy_minimal_client.egg-info/entry_points.txt
[4.902s] writing requirements to ../../../../../build/examples_rclpy_minimal_client/examples_rclpy_minimal_client.egg-info/requires.txt
[4.902s] writing top-level names to ../../../../../build/examples_rclpy_minimal_client/examples_rclpy_minimal_client.egg-info/top_level.txt
[4.905s] reading manifest file '../../../../../build/examples_rclpy_minimal_client/examples_rclpy_minimal_client.egg-info/SOURCES.txt'
[4.907s] writing manifest file '../../../../../build/examples_rclpy_minimal_client/examples_rclpy_minimal_client.egg-info/SOURCES.txt'
[4.907s] running build
[4.907s] running build_py
[4.908s] running install
[4.909s] running install_lib
[4.911s] running install_data
[4.912s] running install_egg_info
[4.915s] removing '/home/zakaria/ros2_ws/install/examples_rclpy_minimal_client/lib/python3.10/site-packages/examples_rclpy_minimal_client-0.15.1-py3.10.egg-info' (and everything under it)
[4.916s] Copying ../../../../../build/examples_rclpy_minimal_client/examples_rclpy_minimal_client.egg-info to /home/zakaria/ros2_ws/install/examples_rclpy_minimal_client/lib/python3.10/site-packages/examples_rclpy_minimal_client-0.15.1-py3.10.egg-info
[4.918s] running install_scripts
[4.963s] Installing client script to /home/zakaria/ros2_ws/install/examples_rclpy_minimal_client/lib/examples_rclpy_minimal_client
[4.964s] Installing client_async script to /home/zakaria/ros2_ws/install/examples_rclpy_minimal_client/lib/examples_rclpy_minimal_client
[4.966s] Installing client_async_callback script to /home/zakaria/ros2_ws/install/examples_rclpy_minimal_client/lib/examples_rclpy_minimal_client
[4.966s] Installing client_async_member_function script to /home/zakaria/ros2_ws/install/examples_rclpy_minimal_client/lib/examples_rclpy_minimal_client
[4.966s] writing list of installed files to '/home/zakaria/ros2_ws/build/examples_rclpy_minimal_client/install.log'
[5.334s] Invoked command in '/home/zakaria/ros2_ws/src/examples/rclpy/services/minimal_client' returned '0': PYTHONPATH=/home/zakaria/ros2_ws/build/examples_rclpy_minimal_client/prefix_override:/home/zakaria/ros2_ws/install/examples_rclpy_minimal_client/lib/python3.10/site-packages:${PYTHONPATH} /usr/bin/python3 setup.py egg_info --egg-base ../../../../../build/examples_rclpy_minimal_client build --build-base /home/zakaria/ros2_ws/build/examples_rclpy_minimal_client/build install --record /home/zakaria/ros2_ws/build/examples_rclpy_minimal_client/install.log --single-version-externally-managed
