[4.139s] Invoking command in '/home/zakaria/ros2_ws/src/examples/rclpy/services/minimal_client': PYTHONPATH=/home/zakaria/ros2_ws/build/examples_rclpy_minimal_client/prefix_override:/home/zakaria/ros2_ws/install/examples_rclpy_minimal_client/lib/python3.10/site-packages:${PYTHONPATH} /usr/bin/python3 setup.py egg_info --egg-base ../../../../../build/examples_rclpy_minimal_client build --build-base /home/zakaria/ros2_ws/build/examples_rclpy_minimal_client/build install --record /home/zakaria/ros2_ws/build/examples_rclpy_minimal_client/install.log --single-version-externally-managed
[4.709s] running egg_info
[4.710s] writing ../../../../../build/examples_rclpy_minimal_client/examples_rclpy_minimal_client.egg-info/PKG-INFO
[4.711s] writing dependency_links to ../../../../../build/examples_rclpy_minimal_client/examples_rclpy_minimal_client.egg-info/dependency_links.txt
[4.711s] writing entry points to ../../../../../build/examples_rclpy_minimal_client/examples_rclpy_minimal_client.egg-info/entry_points.txt
[4.711s] writing requirements to ../../../../../build/examples_rclpy_minimal_client/examples_rclpy_minimal_client.egg-info/requires.txt
[4.711s] writing top-level names to ../../../../../build/examples_rclpy_minimal_client/examples_rclpy_minimal_client.egg-info/top_level.txt
[4.714s] reading manifest file '../../../../../build/examples_rclpy_minimal_client/examples_rclpy_minimal_client.egg-info/SOURCES.txt'
[4.716s] writing manifest file '../../../../../build/examples_rclpy_minimal_client/examples_rclpy_minimal_client.egg-info/SOURCES.txt'
[4.716s] running build
[4.716s] running build_py
[4.717s] running install
[4.717s] running install_lib
[4.720s] running install_data
[4.720s] running install_egg_info
[4.723s] removing '/home/zakaria/ros2_ws/install/examples_rclpy_minimal_client/lib/python3.10/site-packages/examples_rclpy_minimal_client-0.15.1-py3.10.egg-info' (and everything under it)
[4.730s] Copying ../../../../../build/examples_rclpy_minimal_client/examples_rclpy_minimal_client.egg-info to /home/zakaria/ros2_ws/install/examples_rclpy_minimal_client/lib/python3.10/site-packages/examples_rclpy_minimal_client-0.15.1-py3.10.egg-info
[4.730s] running install_scripts
[4.780s] Installing client script to /home/zakaria/ros2_ws/install/examples_rclpy_minimal_client/lib/examples_rclpy_minimal_client
[4.781s] Installing client_async script to /home/zakaria/ros2_ws/install/examples_rclpy_minimal_client/lib/examples_rclpy_minimal_client
[4.781s] Installing client_async_callback script to /home/zakaria/ros2_ws/install/examples_rclpy_minimal_client/lib/examples_rclpy_minimal_client
[4.781s] Installing client_async_member_function script to /home/zakaria/ros2_ws/install/examples_rclpy_minimal_client/lib/examples_rclpy_minimal_client
[4.781s] writing list of installed files to '/home/zakaria/ros2_ws/build/examples_rclpy_minimal_client/install.log'
[5.112s] Invoked command in '/home/zakaria/ros2_ws/src/examples/rclpy/services/minimal_client' returned '0': PYTHONPATH=/home/zakaria/ros2_ws/build/examples_rclpy_minimal_client/prefix_override:/home/zakaria/ros2_ws/install/examples_rclpy_minimal_client/lib/python3.10/site-packages:${PYTHONPATH} /usr/bin/python3 setup.py egg_info --egg-base ../../../../../build/examples_rclpy_minimal_client build --build-base /home/zakaria/ros2_ws/build/examples_rclpy_minimal_client/build install --record /home/zakaria/ros2_ws/build/examples_rclpy_minimal_client/install.log --single-version-externally-managed
