[4.341s] Invoking command in '/home/zakaria/ros2_ws/src/examples/rclpy/services/minimal_service': PYTHONPATH=/home/zakaria/ros2_ws/build/examples_rclpy_minimal_service/prefix_override:/home/zakaria/ros2_ws/install/examples_rclpy_minimal_service/lib/python3.10/site-packages:${PYTHONPATH} /usr/bin/python3 setup.py egg_info --egg-base ../../../../../build/examples_rclpy_minimal_service build --build-base /home/zakaria/ros2_ws/build/examples_rclpy_minimal_service/build install --record /home/zakaria/ros2_ws/build/examples_rclpy_minimal_service/install.log --single-version-externally-managed
[5.023s] running egg_info
[5.024s] writing ../../../../../build/examples_rclpy_minimal_service/examples_rclpy_minimal_service.egg-info/PKG-INFO
[5.025s] writing dependency_links to ../../../../../build/examples_rclpy_minimal_service/examples_rclpy_minimal_service.egg-info/dependency_links.txt
[5.027s] writing entry points to ../../../../../build/examples_rclpy_minimal_service/examples_rclpy_minimal_service.egg-info/entry_points.txt
[5.027s] writing requirements to ../../../../../build/examples_rclpy_minimal_service/examples_rclpy_minimal_service.egg-info/requires.txt
[5.027s] writing top-level names to ../../../../../build/examples_rclpy_minimal_service/examples_rclpy_minimal_service.egg-info/top_level.txt
[5.029s] reading manifest file '../../../../../build/examples_rclpy_minimal_service/examples_rclpy_minimal_service.egg-info/SOURCES.txt'
[5.031s] writing manifest file '../../../../../build/examples_rclpy_minimal_service/examples_rclpy_minimal_service.egg-info/SOURCES.txt'
[5.031s] running build
[5.031s] running build_py
[5.032s] running install
[5.033s] running install_lib
[5.035s] running install_data
[5.037s] running install_egg_info
[5.040s] removing '/home/zakaria/ros2_ws/install/examples_rclpy_minimal_service/lib/python3.10/site-packages/examples_rclpy_minimal_service-0.15.1-py3.10.egg-info' (and everything under it)
[5.054s] Copying ../../../../../build/examples_rclpy_minimal_service/examples_rclpy_minimal_service.egg-info to /home/zakaria/ros2_ws/install/examples_rclpy_minimal_service/lib/python3.10/site-packages/examples_rclpy_minimal_service-0.15.1-py3.10.egg-info
[5.063s] running install_scripts
[5.106s] Installing service script to /home/zakaria/ros2_ws/install/examples_rclpy_minimal_service/lib/examples_rclpy_minimal_service
[5.106s] Installing service_member_function script to /home/zakaria/ros2_ws/install/examples_rclpy_minimal_service/lib/examples_rclpy_minimal_service
[5.109s] writing list of installed files to '/home/zakaria/ros2_ws/build/examples_rclpy_minimal_service/install.log'
[5.350s] Invoked command in '/home/zakaria/ros2_ws/src/examples/rclpy/services/minimal_service' returned '0': PYTHONPATH=/home/zakaria/ros2_ws/build/examples_rclpy_minimal_service/prefix_override:/home/zakaria/ros2_ws/install/examples_rclpy_minimal_service/lib/python3.10/site-packages:${PYTHONPATH} /usr/bin/python3 setup.py egg_info --egg-base ../../../../../build/examples_rclpy_minimal_service build --build-base /home/zakaria/ros2_ws/build/examples_rclpy_minimal_service/build install --record /home/zakaria/ros2_ws/build/examples_rclpy_minimal_service/install.log --single-version-externally-managed
