[4.656s] Invoking command in '/home/zakaria/ros2_ws/src/examples/rclpy/executors': PYTHONPATH=/home/zakaria/ros2_ws/build/examples_rclpy_executors/prefix_override:/home/zakaria/ros2_ws/install/examples_rclpy_executors/lib/python3.10/site-packages:${PYTHONPATH} /usr/bin/python3 setup.py egg_info --egg-base ../../../../build/examples_rclpy_executors build --build-base /home/zakaria/ros2_ws/build/examples_rclpy_executors/build install --record /home/zakaria/ros2_ws/build/examples_rclpy_executors/install.log --single-version-externally-managed
[5.374s] running egg_info
[5.375s] writing ../../../../build/examples_rclpy_executors/examples_rclpy_executors.egg-info/PKG-INFO
[5.375s] writing dependency_links to ../../../../build/examples_rclpy_executors/examples_rclpy_executors.egg-info/dependency_links.txt
[5.376s] writing entry points to ../../../../build/examples_rclpy_executors/examples_rclpy_executors.egg-info/entry_points.txt
[5.376s] writing requirements to ../../../../build/examples_rclpy_executors/examples_rclpy_executors.egg-info/requires.txt
[5.391s] writing top-level names to ../../../../build/examples_rclpy_executors/examples_rclpy_executors.egg-info/top_level.txt
[5.394s] reading manifest file '../../../../build/examples_rclpy_executors/examples_rclpy_executors.egg-info/SOURCES.txt'
[5.396s] writing manifest file '../../../../build/examples_rclpy_executors/examples_rclpy_executors.egg-info/SOURCES.txt'
[5.396s] running build
[5.396s] running build_py
[5.397s] running install
[5.398s] running install_lib
[5.401s] running install_data
[5.402s] running install_egg_info
[5.405s] removing '/home/zakaria/ros2_ws/install/examples_rclpy_executors/lib/python3.10/site-packages/examples_rclpy_executors-0.15.1-py3.10.egg-info' (and everything under it)
[5.406s] Copying ../../../../build/examples_rclpy_executors/examples_rclpy_executors.egg-info to /home/zakaria/ros2_ws/install/examples_rclpy_executors/lib/python3.10/site-packages/examples_rclpy_executors-0.15.1-py3.10.egg-info
[5.409s] running install_scripts
[5.453s] Installing callback_group script to /home/zakaria/ros2_ws/install/examples_rclpy_executors/lib/examples_rclpy_executors
[5.454s] Installing composed script to /home/zakaria/ros2_ws/install/examples_rclpy_executors/lib/examples_rclpy_executors
[5.454s] Installing custom_callback_group script to /home/zakaria/ros2_ws/install/examples_rclpy_executors/lib/examples_rclpy_executors
[5.454s] Installing custom_executor script to /home/zakaria/ros2_ws/install/examples_rclpy_executors/lib/examples_rclpy_executors
[5.454s] Installing listener script to /home/zakaria/ros2_ws/install/examples_rclpy_executors/lib/examples_rclpy_executors
[5.454s] Installing talker script to /home/zakaria/ros2_ws/install/examples_rclpy_executors/lib/examples_rclpy_executors
[5.455s] writing list of installed files to '/home/zakaria/ros2_ws/build/examples_rclpy_executors/install.log'
[5.981s] Invoked command in '/home/zakaria/ros2_ws/src/examples/rclpy/executors' returned '0': PYTHONPATH=/home/zakaria/ros2_ws/build/examples_rclpy_executors/prefix_override:/home/zakaria/ros2_ws/install/examples_rclpy_executors/lib/python3.10/site-packages:${PYTHONPATH} /usr/bin/python3 setup.py egg_info --egg-base ../../../../build/examples_rclpy_executors build --build-base /home/zakaria/ros2_ws/build/examples_rclpy_executors/build install --record /home/zakaria/ros2_ws/build/examples_rclpy_executors/install.log --single-version-externally-managed
