[1.666s] Invoking command in '/home/zakaria/ros2_ws/build/examples_rclpy_pointcloud_publisher': PYTHONPATH=/home/zakaria/ros2_ws/build/examples_rclpy_pointcloud_publisher/prefix_override:/home/zakaria/ros2_ws/install/examples_rclpy_pointcloud_publisher/lib/python3.10/site-packages:${PYTHONPATH} /usr/bin/python3 setup.py develop --uninstall --editable --build-directory /home/zakaria/ros2_ws/build/examples_rclpy_pointcloud_publisher/build
[1.949s] running develop
[2.132s] Removing /home/zakaria/ros2_ws/install/examples_rclpy_pointcloud_publisher/lib/python3.10/site-packages/examples-rclpy-pointcloud-publisher.egg-link (link to .)
[2.159s] Invoked command in '/home/zakaria/ros2_ws/build/examples_rclpy_pointcloud_publisher' returned '0': PYTHONPATH=/home/zakaria/ros2_ws/build/examples_rclpy_pointcloud_publisher/prefix_override:/home/zakaria/ros2_ws/install/examples_rclpy_pointcloud_publisher/lib/python3.10/site-packages:${PYTHONPATH} /usr/bin/python3 setup.py develop --uninstall --editable --build-directory /home/zakaria/ros2_ws/build/examples_rclpy_pointcloud_publisher/build
[2.160s] Invoking command in '/home/zakaria/ros2_ws/src/examples/rclpy/topics/pointcloud_publisher': PYTHONPATH=/home/zakaria/ros2_ws/build/examples_rclpy_pointcloud_publisher/prefix_override:/home/zakaria/ros2_ws/install/examples_rclpy_pointcloud_publisher/lib/python3.10/site-packages:${PYTHONPATH} /usr/bin/python3 setup.py egg_info --egg-base ../../../../../build/examples_rclpy_pointcloud_publisher build --build-base /home/zakaria/ros2_ws/build/examples_rclpy_pointcloud_publisher/build install --record /home/zakaria/ros2_ws/build/examples_rclpy_pointcloud_publisher/install.log --single-version-externally-managed
[2.415s] running egg_info
[2.416s] writing ../../../../../build/examples_rclpy_pointcloud_publisher/examples_rclpy_pointcloud_publisher.egg-info/PKG-INFO
[2.416s] writing dependency_links to ../../../../../build/examples_rclpy_pointcloud_publisher/examples_rclpy_pointcloud_publisher.egg-info/dependency_links.txt
[2.416s] writing entry points to ../../../../../build/examples_rclpy_pointcloud_publisher/examples_rclpy_pointcloud_publisher.egg-info/entry_points.txt
[2.416s] writing requirements to ../../../../../build/examples_rclpy_pointcloud_publisher/examples_rclpy_pointcloud_publisher.egg-info/requires.txt
[2.416s] writing top-level names to ../../../../../build/examples_rclpy_pointcloud_publisher/examples_rclpy_pointcloud_publisher.egg-info/top_level.txt
[2.419s] reading manifest file '../../../../../build/examples_rclpy_pointcloud_publisher/examples_rclpy_pointcloud_publisher.egg-info/SOURCES.txt'
[2.420s] writing manifest file '../../../../../build/examples_rclpy_pointcloud_publisher/examples_rclpy_pointcloud_publisher.egg-info/SOURCES.txt'
[2.420s] running build
[2.420s] running build_py
[2.420s] creating /home/zakaria/ros2_ws/build/examples_rclpy_pointcloud_publisher/build
[2.420s] creating /home/zakaria/ros2_ws/build/examples_rclpy_pointcloud_publisher/build/lib
[2.420s] creating /home/zakaria/ros2_ws/build/examples_rclpy_pointcloud_publisher/build/lib/examples_rclpy_pointcloud_publisher
[2.421s] copying examples_rclpy_pointcloud_publisher/__init__.py -> /home/zakaria/ros2_ws/build/examples_rclpy_pointcloud_publisher/build/lib/examples_rclpy_pointcloud_publisher
[2.421s] copying examples_rclpy_pointcloud_publisher/pointcloud_publisher.py -> /home/zakaria/ros2_ws/build/examples_rclpy_pointcloud_publisher/build/lib/examples_rclpy_pointcloud_publisher
[2.421s] running install
[2.421s] running install_lib
[2.422s] creating /home/zakaria/ros2_ws/install/examples_rclpy_pointcloud_publisher/lib/python3.10/site-packages/examples_rclpy_pointcloud_publisher
[2.422s] copying /home/zakaria/ros2_ws/build/examples_rclpy_pointcloud_publisher/build/lib/examples_rclpy_pointcloud_publisher/__init__.py -> /home/zakaria/ros2_ws/install/examples_rclpy_pointcloud_publisher/lib/python3.10/site-packages/examples_rclpy_pointcloud_publisher
[2.422s] copying /home/zakaria/ros2_ws/build/examples_rclpy_pointcloud_publisher/build/lib/examples_rclpy_pointcloud_publisher/pointcloud_publisher.py -> /home/zakaria/ros2_ws/install/examples_rclpy_pointcloud_publisher/lib/python3.10/site-packages/examples_rclpy_pointcloud_publisher
[2.423s] byte-compiling /home/zakaria/ros2_ws/install/examples_rclpy_pointcloud_publisher/lib/python3.10/site-packages/examples_rclpy_pointcloud_publisher/__init__.py to __init__.cpython-310.pyc
[2.423s] byte-compiling /home/zakaria/ros2_ws/install/examples_rclpy_pointcloud_publisher/lib/python3.10/site-packages/examples_rclpy_pointcloud_publisher/pointcloud_publisher.py to pointcloud_publisher.cpython-310.pyc
[2.424s] running install_data
[2.424s] running install_egg_info
[2.426s] Copying ../../../../../build/examples_rclpy_pointcloud_publisher/examples_rclpy_pointcloud_publisher.egg-info to /home/zakaria/ros2_ws/install/examples_rclpy_pointcloud_publisher/lib/python3.10/site-packages/examples_rclpy_pointcloud_publisher-0.15.1-py3.10.egg-info
[2.426s] running install_scripts
[2.445s] Installing pointcloud_publisher script to /home/zakaria/ros2_ws/install/examples_rclpy_pointcloud_publisher/lib/examples_rclpy_pointcloud_publisher
[2.446s] writing list of installed files to '/home/zakaria/ros2_ws/build/examples_rclpy_pointcloud_publisher/install.log'
[2.471s] Invoked command in '/home/zakaria/ros2_ws/src/examples/rclpy/topics/pointcloud_publisher' returned '0': PYTHONPATH=/home/zakaria/ros2_ws/build/examples_rclpy_pointcloud_publisher/prefix_override:/home/zakaria/ros2_ws/install/examples_rclpy_pointcloud_publisher/lib/python3.10/site-packages:${PYTHONPATH} /usr/bin/python3 setup.py egg_info --egg-base ../../../../../build/examples_rclpy_pointcloud_publisher build --build-base /home/zakaria/ros2_ws/build/examples_rclpy_pointcloud_publisher/build install --record /home/zakaria/ros2_ws/build/examples_rclpy_pointcloud_publisher/install.log --single-version-externally-managed
