[4.000s] Invoking command in '/home/zakaria/ros2_ws/src/subpub_pkg': PYTHONPATH=/home/zakaria/ros2_ws/build/subpub_pkg/prefix_override:/home/zakaria/ros2_ws/install/subpub_pkg/lib/python3.10/site-packages:${PYTHONPATH} /usr/bin/python3 setup.py egg_info --egg-base ../../build/subpub_pkg build --build-base /home/zakaria/ros2_ws/build/subpub_pkg/build install --record /home/zakaria/ros2_ws/build/subpub_pkg/install.log --single-version-externally-managed
[5.047s] running egg_info
[5.054s] writing ../../build/subpub_pkg/subpub_pkg.egg-info/PKG-INFO
[5.055s] writing dependency_links to ../../build/subpub_pkg/subpub_pkg.egg-info/dependency_links.txt
[5.055s] writing entry points to ../../build/subpub_pkg/subpub_pkg.egg-info/entry_points.txt
[5.056s] writing requirements to ../../build/subpub_pkg/subpub_pkg.egg-info/requires.txt
[5.056s] writing top-level names to ../../build/subpub_pkg/subpub_pkg.egg-info/top_level.txt
[5.082s] reading manifest file '../../build/subpub_pkg/subpub_pkg.egg-info/SOURCES.txt'
[5.087s] writing manifest file '../../build/subpub_pkg/subpub_pkg.egg-info/SOURCES.txt'
[5.088s] running build
[5.089s] running build_py
[5.094s] copying subpub_pkg/subpub.py -> /home/zakaria/ros2_ws/build/subpub_pkg/build/lib/subpub_pkg
[5.095s] running install
[5.096s] running install_lib
[5.099s] copying /home/zakaria/ros2_ws/build/subpub_pkg/build/lib/subpub_pkg/subpub.py -> /home/zakaria/ros2_ws/install/subpub_pkg/lib/python3.10/site-packages/subpub_pkg
[5.101s] byte-compiling /home/zakaria/ros2_ws/install/subpub_pkg/lib/python3.10/site-packages/subpub_pkg/subpub.py to subpub.cpython-310.pyc
[5.103s] running install_data
[5.136s] copying launch/subpub_pkg_launch_file.launch.py -> /home/zakaria/ros2_ws/install/subpub_pkg/share/subpub_pkg
[5.136s] running install_egg_info
[5.141s] removing '/home/zakaria/ros2_ws/install/subpub_pkg/lib/python3.10/site-packages/subpub_pkg-0.0.0-py3.10.egg-info' (and everything under it)
[5.142s] Copying ../../build/subpub_pkg/subpub_pkg.egg-info to /home/zakaria/ros2_ws/install/subpub_pkg/lib/python3.10/site-packages/subpub_pkg-0.0.0-py3.10.egg-info
[5.144s] running install_scripts
[5.226s] Installing subpub script to /home/zakaria/ros2_ws/install/subpub_pkg/lib/subpub_pkg
[5.232s] writing list of installed files to '/home/zakaria/ros2_ws/build/subpub_pkg/install.log'
[5.719s] Invoked command in '/home/zakaria/ros2_ws/src/subpub_pkg' returned '0': PYTHONPATH=/home/zakaria/ros2_ws/build/subpub_pkg/prefix_override:/home/zakaria/ros2_ws/install/subpub_pkg/lib/python3.10/site-packages:${PYTHONPATH} /usr/bin/python3 setup.py egg_info --egg-base ../../build/subpub_pkg build --build-base /home/zakaria/ros2_ws/build/subpub_pkg/build install --record /home/zakaria/ros2_ws/build/subpub_pkg/install.log --single-version-externally-managed
