[4.181s] Invoking command in '/home/zakaria/ros2_ws/src/lidar_pkg': PYTHONPATH=/home/zakaria/ros2_ws/build/lidar_pkg/prefix_override:/home/zakaria/ros2_ws/install/lidar_pkg/lib/python3.10/site-packages:${PYTHONPATH} /usr/bin/python3 setup.py egg_info --egg-base ../../build/lidar_pkg build --build-base /home/zakaria/ros2_ws/build/lidar_pkg/build install --record /home/zakaria/ros2_ws/build/lidar_pkg/install.log --single-version-externally-managed
[5.265s] running egg_info
[5.276s] creating ../../build/lidar_pkg/lidar_pkg.egg-info
[5.276s] writing ../../build/lidar_pkg/lidar_pkg.egg-info/PKG-INFO
[5.277s] writing dependency_links to ../../build/lidar_pkg/lidar_pkg.egg-info/dependency_links.txt
[5.277s] writing entry points to ../../build/lidar_pkg/lidar_pkg.egg-info/entry_points.txt
[5.277s] writing requirements to ../../build/lidar_pkg/lidar_pkg.egg-info/requires.txt
[5.279s] writing top-level names to ../../build/lidar_pkg/lidar_pkg.egg-info/top_level.txt
[5.280s] writing manifest file '../../build/lidar_pkg/lidar_pkg.egg-info/SOURCES.txt'
[5.299s] reading manifest file '../../build/lidar_pkg/lidar_pkg.egg-info/SOURCES.txt'
[5.303s] writing manifest file '../../build/lidar_pkg/lidar_pkg.egg-info/SOURCES.txt'
[5.303s] running build
[5.303s] running build_py
[5.304s] creating /home/zakaria/ros2_ws/build/lidar_pkg/build
[5.305s] creating /home/zakaria/ros2_ws/build/lidar_pkg/build/lib
[5.305s] creating /home/zakaria/ros2_ws/build/lidar_pkg/build/lib/lidar_pkg
[5.305s] copying lidar_pkg/lidar.py -> /home/zakaria/ros2_ws/build/lidar_pkg/build/lib/lidar_pkg
[5.306s] copying lidar_pkg/__init__.py -> /home/zakaria/ros2_ws/build/lidar_pkg/build/lib/lidar_pkg
[5.306s] running install
[5.307s] running install_lib
[5.312s] creating /home/zakaria/ros2_ws/install/lidar_pkg/lib/python3.10/site-packages/lidar_pkg
[5.312s] copying /home/zakaria/ros2_ws/build/lidar_pkg/build/lib/lidar_pkg/lidar.py -> /home/zakaria/ros2_ws/install/lidar_pkg/lib/python3.10/site-packages/lidar_pkg
[5.313s] copying /home/zakaria/ros2_ws/build/lidar_pkg/build/lib/lidar_pkg/__init__.py -> /home/zakaria/ros2_ws/install/lidar_pkg/lib/python3.10/site-packages/lidar_pkg
[5.318s] byte-compiling /home/zakaria/ros2_ws/install/lidar_pkg/lib/python3.10/site-packages/lidar_pkg/lidar.py to lidar.cpython-310.pyc
[5.319s] byte-compiling /home/zakaria/ros2_ws/install/lidar_pkg/lib/python3.10/site-packages/lidar_pkg/__init__.py to __init__.cpython-310.pyc
[5.319s] running install_data
[5.321s] creating /home/zakaria/ros2_ws/install/lidar_pkg/share/ament_index
[5.322s] creating /home/zakaria/ros2_ws/install/lidar_pkg/share/ament_index/resource_index
[5.323s] creating /home/zakaria/ros2_ws/install/lidar_pkg/share/ament_index/resource_index/packages
[5.323s] copying resource/lidar_pkg -> /home/zakaria/ros2_ws/install/lidar_pkg/share/ament_index/resource_index/packages
[5.325s] copying package.xml -> /home/zakaria/ros2_ws/install/lidar_pkg/share/lidar_pkg
[5.325s] copying launch/lidar_pkg_launch_file.launch.py -> /home/zakaria/ros2_ws/install/lidar_pkg/share/lidar_pkg
[5.326s] running install_egg_info
[5.332s] Copying ../../build/lidar_pkg/lidar_pkg.egg-info to /home/zakaria/ros2_ws/install/lidar_pkg/lib/python3.10/site-packages/lidar_pkg-0.0.0-py3.10.egg-info
[5.335s] running install_scripts
[5.467s] Installing lidar_pkg_node script to /home/zakaria/ros2_ws/install/lidar_pkg/lib/lidar_pkg
[5.467s] writing list of installed files to '/home/zakaria/ros2_ws/build/lidar_pkg/install.log'
[5.798s] Invoked command in '/home/zakaria/ros2_ws/src/lidar_pkg' returned '0': PYTHONPATH=/home/zakaria/ros2_ws/build/lidar_pkg/prefix_override:/home/zakaria/ros2_ws/install/lidar_pkg/lib/python3.10/site-packages:${PYTHONPATH} /usr/bin/python3 setup.py egg_info --egg-base ../../build/lidar_pkg build --build-base /home/zakaria/ros2_ws/build/lidar_pkg/build install --record /home/zakaria/ros2_ws/build/lidar_pkg/install.log --single-version-externally-managed
