[3.991s] Invoking command in '/home/zakaria/ros2_ws/src/examples/rclpy/services/minimal_service': PYTHONPATH=/home/zakaria/ros2_ws/build/examples_rclpy_minimal_service/prefix_override:/home/zakaria/ros2_ws/install/examples_rclpy_minimal_service/lib/python3.10/site-packages:${PYTHONPATH} /usr/bin/python3 setup.py egg_info --egg-base ../../../../../build/examples_rclpy_minimal_service build --build-base /home/zakaria/ros2_ws/build/examples_rclpy_minimal_service/build install --record /home/zakaria/ros2_ws/build/examples_rclpy_minimal_service/install.log --single-version-externally-managed
[4.612s] running egg_info
[4.613s] writing ../../../../../build/examples_rclpy_minimal_service/examples_rclpy_minimal_service.egg-info/PKG-INFO
[4.613s] writing dependency_links to ../../../../../build/examples_rclpy_minimal_service/examples_rclpy_minimal_service.egg-info/dependency_links.txt
[4.613s] writing entry points to ../../../../../build/examples_rclpy_minimal_service/examples_rclpy_minimal_service.egg-info/entry_points.txt
[4.614s] writing requirements to ../../../../../build/examples_rclpy_minimal_service/examples_rclpy_minimal_service.egg-info/requires.txt
[4.614s] writing top-level names to ../../../../../build/examples_rclpy_minimal_service/examples_rclpy_minimal_service.egg-info/top_level.txt
[4.617s] reading manifest file '../../../../../build/examples_rclpy_minimal_service/examples_rclpy_minimal_service.egg-info/SOURCES.txt'
[4.619s] writing manifest file '../../../../../build/examples_rclpy_minimal_service/examples_rclpy_minimal_service.egg-info/SOURCES.txt'
[4.619s] running build
[4.619s] running build_py
[4.620s] running install
[4.621s] running install_lib
[4.623s] running install_data
[4.624s] running install_egg_info
[4.627s] removing '/home/zakaria/ros2_ws/install/examples_rclpy_minimal_service/lib/python3.10/site-packages/examples_rclpy_minimal_service-0.15.1-py3.10.egg-info' (and everything under it)
[4.636s] Copying ../../../../../build/examples_rclpy_minimal_service/examples_rclpy_minimal_service.egg-info to /home/zakaria/ros2_ws/install/examples_rclpy_minimal_service/lib/python3.10/site-packages/examples_rclpy_minimal_service-0.15.1-py3.10.egg-info
[4.645s] running install_scripts
[4.691s] Installing service script to /home/zakaria/ros2_ws/install/examples_rclpy_minimal_service/lib/examples_rclpy_minimal_service
[4.691s] Installing service_member_function script to /home/zakaria/ros2_ws/install/examples_rclpy_minimal_service/lib/examples_rclpy_minimal_service
[4.691s] writing list of installed files to '/home/zakaria/ros2_ws/build/examples_rclpy_minimal_service/install.log'
[4.748s] Invoked command in '/home/zakaria/ros2_ws/src/examples/rclpy/services/minimal_service' returned '0': PYTHONPATH=/home/zakaria/ros2_ws/build/examples_rclpy_minimal_service/prefix_override:/home/zakaria/ros2_ws/install/examples_rclpy_minimal_service/lib/python3.10/site-packages:${PYTHONPATH} /usr/bin/python3 setup.py egg_info --egg-base ../../../../../build/examples_rclpy_minimal_service build --build-base /home/zakaria/ros2_ws/build/examples_rclpy_minimal_service/build install --record /home/zakaria/ros2_ws/build/examples_rclpy_minimal_service/install.log --single-version-externally-managed
