[14.340s] Invoking command in '/home/zakaria/ros2_ws/src/examples/rclpy/executors': PYTHONPATH=/home/zakaria/ros2_ws/build/examples_rclpy_executors/prefix_override:/home/zakaria/ros2_ws/install/examples_rclpy_executors/lib/python3.10/site-packages:${PYTHONPATH} /usr/bin/python3 setup.py egg_info --egg-base ../../../../build/examples_rclpy_executors build --build-base /home/zakaria/ros2_ws/build/examples_rclpy_executors/build install --record /home/zakaria/ros2_ws/build/examples_rclpy_executors/install.log --single-version-externally-managed
[16.373s] running egg_info
[16.373s] writing ../../../../build/examples_rclpy_executors/examples_rclpy_executors.egg-info/PKG-INFO
[16.374s] writing dependency_links to ../../../../build/examples_rclpy_executors/examples_rclpy_executors.egg-info/dependency_links.txt
[16.374s] writing entry points to ../../../../build/examples_rclpy_executors/examples_rclpy_executors.egg-info/entry_points.txt
[16.374s] writing requirements to ../../../../build/examples_rclpy_executors/examples_rclpy_executors.egg-info/requires.txt
[16.374s] writing top-level names to ../../../../build/examples_rclpy_executors/examples_rclpy_executors.egg-info/top_level.txt
[16.374s] reading manifest file '../../../../build/examples_rclpy_executors/examples_rclpy_executors.egg-info/SOURCES.txt'
[16.375s] writing manifest file '../../../../build/examples_rclpy_executors/examples_rclpy_executors.egg-info/SOURCES.txt'
[16.375s] running build
[16.375s] running build_py
[16.376s] running install
[16.396s] running install_lib
[16.396s] running install_data
[16.396s] running install_egg_info
[16.397s] removing '/home/zakaria/ros2_ws/install/examples_rclpy_executors/lib/python3.10/site-packages/examples_rclpy_executors-0.15.1-py3.10.egg-info' (and everything under it)
[16.421s] Copying ../../../../build/examples_rclpy_executors/examples_rclpy_executors.egg-info to /home/zakaria/ros2_ws/install/examples_rclpy_executors/lib/python3.10/site-packages/examples_rclpy_executors-0.15.1-py3.10.egg-info
[16.437s] running install_scripts
[16.614s] Installing callback_group script to /home/zakaria/ros2_ws/install/examples_rclpy_executors/lib/examples_rclpy_executors
[16.614s] Installing composed script to /home/zakaria/ros2_ws/install/examples_rclpy_executors/lib/examples_rclpy_executors
[16.615s] Installing custom_callback_group script to /home/zakaria/ros2_ws/install/examples_rclpy_executors/lib/examples_rclpy_executors
[16.615s] Installing custom_executor script to /home/zakaria/ros2_ws/install/examples_rclpy_executors/lib/examples_rclpy_executors
[16.615s] Installing listener script to /home/zakaria/ros2_ws/install/examples_rclpy_executors/lib/examples_rclpy_executors
[16.615s] Installing talker script to /home/zakaria/ros2_ws/install/examples_rclpy_executors/lib/examples_rclpy_executors
[16.615s] writing list of installed files to '/home/zakaria/ros2_ws/build/examples_rclpy_executors/install.log'
[18.449s] Invoked command in '/home/zakaria/ros2_ws/src/examples/rclpy/executors' returned '0': PYTHONPATH=/home/zakaria/ros2_ws/build/examples_rclpy_executors/prefix_override:/home/zakaria/ros2_ws/install/examples_rclpy_executors/lib/python3.10/site-packages:${PYTHONPATH} /usr/bin/python3 setup.py egg_info --egg-base ../../../../build/examples_rclpy_executors build --build-base /home/zakaria/ros2_ws/build/examples_rclpy_executors/build install --record /home/zakaria/ros2_ws/build/examples_rclpy_executors/install.log --single-version-externally-managed
