[3.839s] Invoking command in '/home/zakaria/ros2_ws/build/examples_rclpy_minimal_action_server': PYTHONPATH=/home/zakaria/ros2_ws/build/examples_rclpy_minimal_action_server/prefix_override:/home/zakaria/ros2_ws/install/examples_rclpy_minimal_action_server/lib/python3.10/site-packages:${PYTHONPATH} /usr/bin/python3 setup.py develop --uninstall --editable --build-directory /home/zakaria/ros2_ws/build/examples_rclpy_minimal_action_server/build
[4.352s] running develop
[4.702s] Removing /home/zakaria/ros2_ws/install/examples_rclpy_minimal_action_server/lib/python3.10/site-packages/examples-rclpy-minimal-action-server.egg-link (link to .)
[4.782s] Invoked command in '/home/zakaria/ros2_ws/build/examples_rclpy_minimal_action_server' returned '0': PYTHONPATH=/home/zakaria/ros2_ws/build/examples_rclpy_minimal_action_server/prefix_override:/home/zakaria/ros2_ws/install/examples_rclpy_minimal_action_server/lib/python3.10/site-packages:${PYTHONPATH} /usr/bin/python3 setup.py develop --uninstall --editable --build-directory /home/zakaria/ros2_ws/build/examples_rclpy_minimal_action_server/build
[4.783s] Invoking command in '/home/zakaria/ros2_ws/src/examples/rclpy/actions/minimal_action_server': PYTHONPATH=/home/zakaria/ros2_ws/build/examples_rclpy_minimal_action_server/prefix_override:/home/zakaria/ros2_ws/install/examples_rclpy_minimal_action_server/lib/python3.10/site-packages:${PYTHONPATH} /usr/bin/python3 setup.py egg_info --egg-base ../../../../../build/examples_rclpy_minimal_action_server build --build-base /home/zakaria/ros2_ws/build/examples_rclpy_minimal_action_server/build install --record /home/zakaria/ros2_ws/build/examples_rclpy_minimal_action_server/install.log --single-version-externally-managed
[5.312s] running egg_info
[5.314s] writing ../../../../../build/examples_rclpy_minimal_action_server/examples_rclpy_minimal_action_server.egg-info/PKG-INFO
[5.314s] writing dependency_links to ../../../../../build/examples_rclpy_minimal_action_server/examples_rclpy_minimal_action_server.egg-info/dependency_links.txt
[5.314s] writing entry points to ../../../../../build/examples_rclpy_minimal_action_server/examples_rclpy_minimal_action_server.egg-info/entry_points.txt
[5.315s] writing requirements to ../../../../../build/examples_rclpy_minimal_action_server/examples_rclpy_minimal_action_server.egg-info/requires.txt
[5.315s] writing top-level names to ../../../../../build/examples_rclpy_minimal_action_server/examples_rclpy_minimal_action_server.egg-info/top_level.txt
[5.318s] reading manifest file '../../../../../build/examples_rclpy_minimal_action_server/examples_rclpy_minimal_action_server.egg-info/SOURCES.txt'
[5.320s] writing manifest file '../../../../../build/examples_rclpy_minimal_action_server/examples_rclpy_minimal_action_server.egg-info/SOURCES.txt'
[5.320s] running build
[5.320s] running build_py
[5.320s] creating /home/zakaria/ros2_ws/build/examples_rclpy_minimal_action_server/build
[5.320s] creating /home/zakaria/ros2_ws/build/examples_rclpy_minimal_action_server/build/lib
[5.321s] creating /home/zakaria/ros2_ws/build/examples_rclpy_minimal_action_server/build/lib/examples_rclpy_minimal_action_server
[5.321s] copying examples_rclpy_minimal_action_server/server_queue_goals.py -> /home/zakaria/ros2_ws/build/examples_rclpy_minimal_action_server/build/lib/examples_rclpy_minimal_action_server
[5.321s] copying examples_rclpy_minimal_action_server/server_not_composable.py -> /home/zakaria/ros2_ws/build/examples_rclpy_minimal_action_server/build/lib/examples_rclpy_minimal_action_server
[5.321s] copying examples_rclpy_minimal_action_server/__init__.py -> /home/zakaria/ros2_ws/build/examples_rclpy_minimal_action_server/build/lib/examples_rclpy_minimal_action_server
[5.321s] copying examples_rclpy_minimal_action_server/server_defer.py -> /home/zakaria/ros2_ws/build/examples_rclpy_minimal_action_server/build/lib/examples_rclpy_minimal_action_server
[5.321s] copying examples_rclpy_minimal_action_server/server.py -> /home/zakaria/ros2_ws/build/examples_rclpy_minimal_action_server/build/lib/examples_rclpy_minimal_action_server
[5.322s] copying examples_rclpy_minimal_action_server/server_single_goal.py -> /home/zakaria/ros2_ws/build/examples_rclpy_minimal_action_server/build/lib/examples_rclpy_minimal_action_server
[5.322s] running install
[5.323s] running install_lib
[5.324s] creating /home/zakaria/ros2_ws/install/examples_rclpy_minimal_action_server/lib/python3.10/site-packages/examples_rclpy_minimal_action_server
[5.324s] copying /home/zakaria/ros2_ws/build/examples_rclpy_minimal_action_server/build/lib/examples_rclpy_minimal_action_server/server_queue_goals.py -> /home/zakaria/ros2_ws/install/examples_rclpy_minimal_action_server/lib/python3.10/site-packages/examples_rclpy_minimal_action_server
[5.324s] copying /home/zakaria/ros2_ws/build/examples_rclpy_minimal_action_server/build/lib/examples_rclpy_minimal_action_server/server_not_composable.py -> /home/zakaria/ros2_ws/install/examples_rclpy_minimal_action_server/lib/python3.10/site-packages/examples_rclpy_minimal_action_server
[5.325s] copying /home/zakaria/ros2_ws/build/examples_rclpy_minimal_action_server/build/lib/examples_rclpy_minimal_action_server/__init__.py -> /home/zakaria/ros2_ws/install/examples_rclpy_minimal_action_server/lib/python3.10/site-packages/examples_rclpy_minimal_action_server
[5.325s] copying /home/zakaria/ros2_ws/build/examples_rclpy_minimal_action_server/build/lib/examples_rclpy_minimal_action_server/server_defer.py -> /home/zakaria/ros2_ws/install/examples_rclpy_minimal_action_server/lib/python3.10/site-packages/examples_rclpy_minimal_action_server
[5.325s] copying /home/zakaria/ros2_ws/build/examples_rclpy_minimal_action_server/build/lib/examples_rclpy_minimal_action_server/server.py -> /home/zakaria/ros2_ws/install/examples_rclpy_minimal_action_server/lib/python3.10/site-packages/examples_rclpy_minimal_action_server
[5.325s] copying /home/zakaria/ros2_ws/build/examples_rclpy_minimal_action_server/build/lib/examples_rclpy_minimal_action_server/server_single_goal.py -> /home/zakaria/ros2_ws/install/examples_rclpy_minimal_action_server/lib/python3.10/site-packages/examples_rclpy_minimal_action_server
[5.326s] byte-compiling /home/zakaria/ros2_ws/install/examples_rclpy_minimal_action_server/lib/python3.10/site-packages/examples_rclpy_minimal_action_server/server_queue_goals.py to server_queue_goals.cpython-310.pyc
[5.328s] byte-compiling /home/zakaria/ros2_ws/install/examples_rclpy_minimal_action_server/lib/python3.10/site-packages/examples_rclpy_minimal_action_server/server_not_composable.py to server_not_composable.cpython-310.pyc
[5.328s] byte-compiling /home/zakaria/ros2_ws/install/examples_rclpy_minimal_action_server/lib/python3.10/site-packages/examples_rclpy_minimal_action_server/__init__.py to __init__.cpython-310.pyc
[5.329s] byte-compiling /home/zakaria/ros2_ws/install/examples_rclpy_minimal_action_server/lib/python3.10/site-packages/examples_rclpy_minimal_action_server/server_defer.py to server_defer.cpython-310.pyc
[5.330s] byte-compiling /home/zakaria/ros2_ws/install/examples_rclpy_minimal_action_server/lib/python3.10/site-packages/examples_rclpy_minimal_action_server/server.py to server.cpython-310.pyc
[5.331s] byte-compiling /home/zakaria/ros2_ws/install/examples_rclpy_minimal_action_server/lib/python3.10/site-packages/examples_rclpy_minimal_action_server/server_single_goal.py to server_single_goal.cpython-310.pyc
[5.332s] running install_data
[5.333s] running install_egg_info
[5.335s] Copying ../../../../../build/examples_rclpy_minimal_action_server/examples_rclpy_minimal_action_server.egg-info to /home/zakaria/ros2_ws/install/examples_rclpy_minimal_action_server/lib/python3.10/site-packages/examples_rclpy_minimal_action_server-0.15.1-py3.10.egg-info
[5.336s] running install_scripts
[5.369s] Installing server script to /home/zakaria/ros2_ws/install/examples_rclpy_minimal_action_server/lib/examples_rclpy_minimal_action_server
[5.370s] Installing server_defer script to /home/zakaria/ros2_ws/install/examples_rclpy_minimal_action_server/lib/examples_rclpy_minimal_action_server
[5.370s] Installing server_not_composable script to /home/zakaria/ros2_ws/install/examples_rclpy_minimal_action_server/lib/examples_rclpy_minimal_action_server
[5.370s] Installing server_queue_goals script to /home/zakaria/ros2_ws/install/examples_rclpy_minimal_action_server/lib/examples_rclpy_minimal_action_server
[5.370s] Installing server_single_goal script to /home/zakaria/ros2_ws/install/examples_rclpy_minimal_action_server/lib/examples_rclpy_minimal_action_server
[5.371s] writing list of installed files to '/home/zakaria/ros2_ws/build/examples_rclpy_minimal_action_server/install.log'
[5.431s] Invoked command in '/home/zakaria/ros2_ws/src/examples/rclpy/actions/minimal_action_server' returned '0': PYTHONPATH=/home/zakaria/ros2_ws/build/examples_rclpy_minimal_action_server/prefix_override:/home/zakaria/ros2_ws/install/examples_rclpy_minimal_action_server/lib/python3.10/site-packages:${PYTHONPATH} /usr/bin/python3 setup.py egg_info --egg-base ../../../../../build/examples_rclpy_minimal_action_server build --build-base /home/zakaria/ros2_ws/build/examples_rclpy_minimal_action_server/build install --record /home/zakaria/ros2_ws/build/examples_rclpy_minimal_action_server/install.log --single-version-externally-managed
