[2.065s] Invoking command in '/home/zakaria/ros2_ws/src/publisher_pkg': PYTHONPATH=/home/zakaria/ros2_ws/build/publisher_pkg/prefix_override:/home/zakaria/ros2_ws/install/publisher_pkg/lib/python3.10/site-packages:${PYTHONPATH} /usr/bin/python3 setup.py egg_info --egg-base ../../build/publisher_pkg build --build-base /home/zakaria/ros2_ws/build/publisher_pkg/build install --record /home/zakaria/ros2_ws/build/publisher_pkg/install.log --single-version-externally-managed
[2.363s] running egg_info
[2.364s] writing ../../build/publisher_pkg/publisher_pkg.egg-info/PKG-INFO
[2.364s] writing dependency_links to ../../build/publisher_pkg/publisher_pkg.egg-info/dependency_links.txt
[2.364s] writing entry points to ../../build/publisher_pkg/publisher_pkg.egg-info/entry_points.txt
[2.364s] writing requirements to ../../build/publisher_pkg/publisher_pkg.egg-info/requires.txt
[2.365s] writing top-level names to ../../build/publisher_pkg/publisher_pkg.egg-info/top_level.txt
[2.368s] reading manifest file '../../build/publisher_pkg/publisher_pkg.egg-info/SOURCES.txt'
[2.370s] writing manifest file '../../build/publisher_pkg/publisher_pkg.egg-info/SOURCES.txt'
[2.370s] running build
[2.370s] running build_py
[2.370s] running install
[2.371s] running install_lib
[2.373s] running install_data
[2.374s] running install_egg_info
[2.377s] removing '/home/zakaria/ros2_ws/install/publisher_pkg/lib/python3.10/site-packages/publisher_pkg-0.0.0-py3.10.egg-info' (and everything under it)
[2.380s] Copying ../../build/publisher_pkg/publisher_pkg.egg-info to /home/zakaria/ros2_ws/install/publisher_pkg/lib/python3.10/site-packages/publisher_pkg-0.0.0-py3.10.egg-info
[2.387s] running install_scripts
[2.410s] Installing simple_publisher script to /home/zakaria/ros2_ws/install/publisher_pkg/lib/publisher_pkg
[2.410s] writing list of installed files to '/home/zakaria/ros2_ws/build/publisher_pkg/install.log'
[2.440s] Invoked command in '/home/zakaria/ros2_ws/src/publisher_pkg' returned '0': PYTHONPATH=/home/zakaria/ros2_ws/build/publisher_pkg/prefix_override:/home/zakaria/ros2_ws/install/publisher_pkg/lib/python3.10/site-packages:${PYTHONPATH} /usr/bin/python3 setup.py egg_info --egg-base ../../build/publisher_pkg build --build-base /home/zakaria/ros2_ws/build/publisher_pkg/build install --record /home/zakaria/ros2_ws/build/publisher_pkg/install.log --single-version-externally-managed
