[4.464s] Invoking command in '/home/zakaria/ros2_ws/src/examples/rclpy/guard_conditions': PYTHONPATH=/home/zakaria/ros2_ws/build/examples_rclpy_guard_conditions/prefix_override:/home/zakaria/ros2_ws/install/examples_rclpy_guard_conditions/lib/python3.10/site-packages:${PYTHONPATH} /usr/bin/python3 setup.py egg_info --egg-base ../../../../build/examples_rclpy_guard_conditions build --build-base /home/zakaria/ros2_ws/build/examples_rclpy_guard_conditions/build install --record /home/zakaria/ros2_ws/build/examples_rclpy_guard_conditions/install.log --single-version-externally-managed
[4.956s] running egg_info
[4.957s] writing ../../../../build/examples_rclpy_guard_conditions/examples_rclpy_guard_conditions.egg-info/PKG-INFO
[4.957s] writing dependency_links to ../../../../build/examples_rclpy_guard_conditions/examples_rclpy_guard_conditions.egg-info/dependency_links.txt
[4.958s] writing entry points to ../../../../build/examples_rclpy_guard_conditions/examples_rclpy_guard_conditions.egg-info/entry_points.txt
[4.958s] writing requirements to ../../../../build/examples_rclpy_guard_conditions/examples_rclpy_guard_conditions.egg-info/requires.txt
[4.958s] writing top-level names to ../../../../build/examples_rclpy_guard_conditions/examples_rclpy_guard_conditions.egg-info/top_level.txt
[4.961s] reading manifest file '../../../../build/examples_rclpy_guard_conditions/examples_rclpy_guard_conditions.egg-info/SOURCES.txt'
[4.963s] writing manifest file '../../../../build/examples_rclpy_guard_conditions/examples_rclpy_guard_conditions.egg-info/SOURCES.txt'
[4.963s] running build
[4.963s] running build_py
[4.963s] running install
[4.964s] running install_lib
[4.971s] running install_data
[4.972s] running install_egg_info
[4.972s] removing '/home/zakaria/ros2_ws/install/examples_rclpy_guard_conditions/lib/python3.10/site-packages/examples_rclpy_guard_conditions-0.15.1-py3.10.egg-info' (and everything under it)
[4.973s] Copying ../../../../build/examples_rclpy_guard_conditions/examples_rclpy_guard_conditions.egg-info to /home/zakaria/ros2_ws/install/examples_rclpy_guard_conditions/lib/python3.10/site-packages/examples_rclpy_guard_conditions-0.15.1-py3.10.egg-info
[4.973s] running install_scripts
[5.005s] Installing trigger_guard_condition script to /home/zakaria/ros2_ws/install/examples_rclpy_guard_conditions/lib/examples_rclpy_guard_conditions
[5.005s] writing list of installed files to '/home/zakaria/ros2_ws/build/examples_rclpy_guard_conditions/install.log'
[5.313s] Invoked command in '/home/zakaria/ros2_ws/src/examples/rclpy/guard_conditions' returned '0': PYTHONPATH=/home/zakaria/ros2_ws/build/examples_rclpy_guard_conditions/prefix_override:/home/zakaria/ros2_ws/install/examples_rclpy_guard_conditions/lib/python3.10/site-packages:${PYTHONPATH} /usr/bin/python3 setup.py egg_info --egg-base ../../../../build/examples_rclpy_guard_conditions build --build-base /home/zakaria/ros2_ws/build/examples_rclpy_guard_conditions/build install --record /home/zakaria/ros2_ws/build/examples_rclpy_guard_conditions/install.log --single-version-externally-managed
